<?xml version="1.0" encoding="utf-8"?><testsuites><testsuite errors="0" failures="0" hostname="fv-az36" name="pytest" skipped="0" tests="306" time="2.953" timestamp="2020-02-25T19:17:10.984608"><testcase classname="zdevelop.tests.test_abc" file="zdevelop/tests/test_abc.py" line="5" name="test_not_implemented[FileABC-__iter__-args0-kwargs0]" time="0.002"></testcase><testcase classname="zdevelop.tests.test_abc" file="zdevelop/tests/test_abc.py" line="5" name="test_not_implemented[FileABC-__len__-args1-kwargs1]" time="0.001"></testcase><testcase classname="zdevelop.tests.test_abc" file="zdevelop/tests/test_abc.py" line="5" name="test_not_implemented[FileABC-__repr__-args2-kwargs2]" time="0.001"></testcase><testcase classname="zdevelop.tests.test_abc" file="zdevelop/tests/test_abc.py" line="5" name="test_not_implemented[FileABC-move_iter-args3-kwargs3]" time="0.001"></testcase><testcase classname="zdevelop.tests.test_abc" file="zdevelop/tests/test_abc.py" line="5" name="test_not_implemented[FileABC-move-args4-kwargs4]" time="0.001"></testcase><testcase classname="zdevelop.tests.test_abc" file="zdevelop/tests/test_abc.py" line="5" name="test_not_implemented[FileABC-copy_iter-args5-kwargs5]" time="0.001"></testcase><testcase classname="zdevelop.tests.test_abc" file="zdevelop/tests/test_abc.py" line="5" name="test_not_implemented[FileABC-copy-args6-kwargs6]" time="0.001"></testcase><testcase classname="zdevelop.tests.test_abc" file="zdevelop/tests/test_abc.py" line="5" name="test_not_implemented[FileABC-rename_iter-args7-kwargs7]" time="0.001"></testcase><testcase classname="zdevelop.tests.test_abc" file="zdevelop/tests/test_abc.py" line="5" name="test_not_implemented[FileABC-rename-args8-kwargs8]" time="0.001"></testcase><testcase classname="zdevelop.tests.test_abc" file="zdevelop/tests/test_abc.py" line="5" name="test_not_implemented[FileABC-delete_iter-args9-kwargs9]" time="0.001"></testcase><testcase classname="zdevelop.tests.test_abc" file="zdevelop/tests/test_abc.py" line="5" name="test_not_implemented[FileABC-delete-args10-kwargs10]" time="0.001"></testcase><testcase classname="zdevelop.tests.test_abc" file="zdevelop/tests/test_abc.py" line="5" name="test_not_implemented[FileABC-chmod_iter-args11-kwargs11]" time="0.001"></testcase><testcase classname="zdevelop.tests.test_abc" file="zdevelop/tests/test_abc.py" line="5" name="test_not_implemented[FileABC-chmod-args12-kwargs12]" time="0.001"></testcase><testcase classname="zdevelop.tests.test_abc" file="zdevelop/tests/test_abc.py" line="5" name="test_not_implemented[FileBase-__iter__-args13-kwargs13]" time="0.001"></testcase><testcase classname="zdevelop.tests.test_abc" file="zdevelop/tests/test_abc.py" line="5" name="test_not_implemented[FileBase-__len__-args14-kwargs14]" time="0.002"></testcase><testcase classname="zdevelop.tests.test_abc" file="zdevelop/tests/test_abc.py" line="5" name="test_not_implemented[FileBase-init_new-args15-kwargs15]" time="0.001"></testcase><testcase classname="zdevelop.tests.test_abc" file="zdevelop/tests/test_abc.py" line="5" name="test_not_implemented[FileBase-rename_iter-args16-kwargs16]" time="0.002"></testcase><testcase classname="zdevelop.tests.test_abc" file="zdevelop/tests/test_abc.py" line="5" name="test_not_implemented[NameABC-from_path-args17-kwargs17]" time="0.001"></testcase><testcase classname="zdevelop.tests.test_abc" file="zdevelop/tests/test_abc.py" line="5" name="test_not_implemented[NameABC-alter-args18-kwargs18]" time="0.001"></testcase><testcase classname="zdevelop.tests.test_abc" file="zdevelop/tests/test_abc.py" line="5" name="test_not_implemented[NameABC-formatted-args19-kwargs19]" time="0.001"></testcase><testcase classname="zdevelop.tests.test_file.TestDunder" file="zdevelop/tests/test_file.py" line="8" name="test_init_path" time="0.001"></testcase><testcase classname="zdevelop.tests.test_file.TestDunder" file="zdevelop/tests/test_file.py" line="14" name="test_init_str" time="0.001"></testcase><testcase classname="zdevelop.tests.test_file.TestDunder" file="zdevelop/tests/test_file.py" line="20" name="test_init_pure_path" time="0.001"></testcase><testcase classname="zdevelop.tests.test_file.TestDunder" file="zdevelop/tests/test_file.py" line="26" name="test_init_os_path" time="0.001"></testcase><testcase classname="zdevelop.tests.test_file.TestDunder" file="zdevelop/tests/test_file.py" line="32" name="test_len" time="0.001"></testcase><testcase classname="zdevelop.tests.test_file.TestDunder" file="zdevelop/tests/test_file.py" line="38" name="test_iter" time="0.001"></testcase><testcase classname="zdevelop.tests.test_file.TestDunder" file="zdevelop/tests/test_file.py" line="47" name="test_repr" time="0.001"><system-out>&lt;File: &apos;/Volumes/disk/folder/file.txt&apos;&gt;
</system-out></testcase><testcase classname="zdevelop.tests.test_file.TestDisk" file="zdevelop/tests/test_file.py" line="58" name="test_copy_move_iter[move_iter-False]" time="0.004"><system-out>Source Dir ls:
-----------
Destination Dir ls:
1: /tmp/pytest-of-vsts/pytest-0/test_copy_move_iter_move_iter_0/dst/file.txt
</system-out></testcase><testcase classname="zdevelop.tests.test_file.TestDisk" file="zdevelop/tests/test_file.py" line="58" name="test_copy_move_iter[copy_iter-True]" time="0.002"><system-out>Source Dir ls:
1: /tmp/pytest-of-vsts/pytest-0/test_copy_move_iter_copy_iter_0/src/file.txt
-----------
Destination Dir ls:
1: /tmp/pytest-of-vsts/pytest-0/test_copy_move_iter_copy_iter_0/dst/file.txt
</system-out></testcase><testcase classname="zdevelop.tests.test_file.TestDisk" file="zdevelop/tests/test_file.py" line="96" name="test_copy_move[move-False]" time="0.002"><system-out>Source Dir ls:
-----------
Destination Dir ls:
1: /tmp/pytest-of-vsts/pytest-0/test_copy_move_move_False_0/dst/file.txt
</system-out></testcase><testcase classname="zdevelop.tests.test_file.TestDisk" file="zdevelop/tests/test_file.py" line="96" name="test_copy_move[copy-True]" time="0.002"><system-out>Source Dir ls:
1: /tmp/pytest-of-vsts/pytest-0/test_copy_move_copy_True_0/src/file.txt
-----------
Destination Dir ls:
1: /tmp/pytest-of-vsts/pytest-0/test_copy_move_copy_True_0/dst/file.txt
</system-out></testcase><testcase classname="zdevelop.tests.test_file.TestDisk" file="zdevelop/tests/test_file.py" line="123" name="test_rename[True]" time="0.002"><system-out>Original Dir List
/tmp/pytest-of-vsts/pytest-0/test_rename_True_0/src/file.txt
------------------
/tmp/pytest-of-vsts/pytest-0/test_rename_True_0/src/file.txt -&gt; /tmp/pytest-of-vsts/pytest-0/test_rename_True_0/src/new_name.dpx
------------------
Post-rename Dir List
/tmp/pytest-of-vsts/pytest-0/test_rename_True_0/src/new_name.dpx
</system-out></testcase><testcase classname="zdevelop.tests.test_file.TestDisk" file="zdevelop/tests/test_file.py" line="123" name="test_rename[False]" time="0.002"><system-out>Original Dir List
/tmp/pytest-of-vsts/pytest-0/test_rename_False_0/src/file.txt
------------------
------------------
Post-rename Dir List
/tmp/pytest-of-vsts/pytest-0/test_rename_False_0/src/new_name.dpx
</system-out></testcase><testcase classname="zdevelop.tests.test_file.TestDisk" file="zdevelop/tests/test_file.py" line="172" name="test_delete[True]" time="0.002"><system-out>deleted: /tmp/pytest-of-vsts/pytest-0/test_delete_True_0/src/file.txt
--------
Source Dir ls:
</system-out></testcase><testcase classname="zdevelop.tests.test_file.TestDisk" file="zdevelop/tests/test_file.py" line="172" name="test_delete[False]" time="0.002"><system-out>--------
Source Dir ls:
</system-out></testcase><testcase classname="zdevelop.tests.test_file.TestDisk" file="zdevelop/tests/test_file.py" line="196" name="test_chmod[True]" time="0.002"><system-out>Original mode list:
33188 /tmp/pytest-of-vsts/pytest-0/test_chmod_True_0/src/file.txt
--------
changed: /tmp/pytest-of-vsts/pytest-0/test_chmod_True_0/src/file.txt
--------
Changed mode list:
511 /tmp/pytest-of-vsts/pytest-0/test_chmod_True_0/src/file.txt
</system-out></testcase><testcase classname="zdevelop.tests.test_file.TestDisk" file="zdevelop/tests/test_file.py" line="196" name="test_chmod[False]" time="0.003"><system-out>Original mode list:
33188 /tmp/pytest-of-vsts/pytest-0/test_chmod_False_0/src/file.txt
--------
--------
Changed mode list:
511 /tmp/pytest-of-vsts/pytest-0/test_chmod_False_0/src/file.txt
</system-out></testcase><testcase classname="zdevelop.tests.test_file_name" file="zdevelop/tests/test_file_name.py" line="18" name="test_brackets[bracket0-&lt;-&gt;-&lt;text&gt;]" time="0.001"></testcase><testcase classname="zdevelop.tests.test_file_name" file="zdevelop/tests/test_file_name.py" line="18" name="test_brackets[bracket1-(-)-(text)]" time="0.001"></testcase><testcase classname="zdevelop.tests.test_file_name" file="zdevelop/tests/test_file_name.py" line="18" name="test_brackets[bracket2-[-]-[text]]" time="0.001"></testcase><testcase classname="zdevelop.tests.test_file_name" file="zdevelop/tests/test_file_name.py" line="18" name="test_brackets[bracket3-{-}-{text}]" time="0.001"></testcase><testcase classname="zdevelop.tests.test_file_name.TestHelpers" file="zdevelop/tests/test_file_name.py" line="34" name="test_num_end_from_match[group_dict0-None]" time="0.001"></testcase><testcase classname="zdevelop.tests.test_file_name.TestHelpers" file="zdevelop/tests/test_file_name.py" line="34" name="test_num_end_from_match[group_dict1-10]" time="0.001"></testcase><testcase classname="zdevelop.tests.test_file_name.TestHelpers" file="zdevelop/tests/test_file_name.py" line="40" name="test_padding_from_match[group_dict0-3]" time="0.001"></testcase><testcase classname="zdevelop.tests.test_file_name.TestHelpers" file="zdevelop/tests/test_file_name.py" line="40" name="test_padding_from_match[group_dict1-3]" time="0.001"></testcase><testcase classname="zdevelop.tests.test_file_name.TestHelpers" file="zdevelop/tests/test_file_name.py" line="40" name="test_padding_from_match[group_dict2-2]" time="0.001"></testcase><testcase classname="zdevelop.tests.test_file_name.TestHelpers" file="zdevelop/tests/test_file_name.py" line="51" name="test_brackets_from_match[group_dict0-answer0]" time="0.001"></testcase><testcase classname="zdevelop.tests.test_file_name.TestHelpers" file="zdevelop/tests/test_file_name.py" line="51" name="test_brackets_from_match[group_dict1-answer1]" time="0.001"></testcase><testcase classname="zdevelop.tests.test_file_name.TestHelpers" file="zdevelop/tests/test_file_name.py" line="51" name="test_brackets_from_match[group_dict2-answer2]" time="0.001"></testcase><testcase classname="zdevelop.tests.test_file_name.TestHelpers" file="zdevelop/tests/test_file_name.py" line="51" name="test_brackets_from_match[group_dict3-answer3]" time="0.001"></testcase><testcase classname="zdevelop.tests.test_file_name.TestHelpers" file="zdevelop/tests/test_file_name.py" line="63" name="test_brackets_from_match_raises[group_dict0]" time="0.001"></testcase><testcase classname="zdevelop.tests.test_file_name.TestHelpers" file="zdevelop/tests/test_file_name.py" line="63" name="test_brackets_from_match_raises[group_dict1]" time="0.001"></testcase><testcase classname="zdevelop.tests.test_file_name.TestHelpers" file="zdevelop/tests/test_file_name.py" line="63" name="test_brackets_from_match_raises[group_dict2]" time="0.001"></testcase><testcase classname="zdevelop.tests.test_file_name.TestHelpers" file="zdevelop/tests/test_file_name.py" line="63" name="test_brackets_from_match_raises[group_dict3]" time="0.001"></testcase><testcase classname="zdevelop.tests.test_file_name.TestHelpers" file="zdevelop/tests/test_file_name.py" line="76" name="test_format_range_pieces[None-None---]" time="0.002"></testcase><testcase classname="zdevelop.tests.test_file_name.TestHelpers" file="zdevelop/tests/test_file_name.py" line="76" name="test_format_range_pieces[brackets1-None---]" time="0.002"></testcase><testcase classname="zdevelop.tests.test_file_name.TestHelpers" file="zdevelop/tests/test_file_name.py" line="76" name="test_format_range_pieces[None-100----]" time="0.002"></testcase><testcase classname="zdevelop.tests.test_file_name.TestHelpers" file="zdevelop/tests/test_file_name.py" line="76" name="test_format_range_pieces[brackets3-100-[-]--]" time="0.002"></testcase><testcase classname="zdevelop.tests.test_file_name.TestHelpers" file="zdevelop/tests/test_file_name.py" line="76" name="test_format_range_pieces[brackets4-100-(-)--]" time="0.002"></testcase><testcase classname="zdevelop.tests.test_file_name.TestHelpers" file="zdevelop/tests/test_file_name.py" line="97" name="test_format_file_nums[100-None-0-100-]" time="0.002"></testcase><testcase classname="zdevelop.tests.test_file_name.TestHelpers" file="zdevelop/tests/test_file_name.py" line="97" name="test_format_file_nums[1-100-0-1-100]" time="0.002"></testcase><testcase classname="zdevelop.tests.test_file_name.TestHelpers" file="zdevelop/tests/test_file_name.py" line="97" name="test_format_file_nums[1-100-4-0001-0100]" time="0.002"></testcase><testcase classname="zdevelop.tests.test_file_name.TestHelpers" file="zdevelop/tests/test_file_name.py" line="97" name="test_format_file_nums[1-10000-4-0001-10000]" time="0.002"></testcase><testcase classname="zdevelop.tests.test_file_name.TestHelpers" file="zdevelop/tests/test_file_name.py" line="114" name="test_regex_passes[file.10.exr]" time="0.001"><system-out>{&apos;base&apos;: &apos;file&apos;, &apos;sep&apos;: &apos;.&apos;, &apos;open&apos;: None, &apos;start&apos;: &apos;10&apos;, &apos;end&apos;: None, &apos;close&apos;: None, &apos;extension&apos;: &apos;.exr&apos;}
</system-out></testcase><testcase classname="zdevelop.tests.test_file_name.TestHelpers" file="zdevelop/tests/test_file_name.py" line="114" name="test_regex_passes[file.#.exr]" time="0.001"><system-out>{&apos;base&apos;: &apos;file&apos;, &apos;sep&apos;: &apos;.&apos;, &apos;open&apos;: None, &apos;start&apos;: &apos;#&apos;, &apos;end&apos;: None, &apos;close&apos;: None, &apos;extension&apos;: &apos;.exr&apos;}
</system-out></testcase><testcase classname="zdevelop.tests.test_file_name.TestHelpers" file="zdevelop/tests/test_file_name.py" line="114" name="test_regex_passes[file.#######.exr]" time="0.001"><system-out>{&apos;base&apos;: &apos;file&apos;, &apos;sep&apos;: &apos;.&apos;, &apos;open&apos;: None, &apos;start&apos;: &apos;#######&apos;, &apos;end&apos;: None, &apos;close&apos;: None, &apos;extension&apos;: &apos;.exr&apos;}
</system-out></testcase><testcase classname="zdevelop.tests.test_file_name.TestHelpers" file="zdevelop/tests/test_file_name.py" line="114" name="test_regex_passes[file_10.exr]" time="0.001"><system-out>{&apos;base&apos;: &apos;file&apos;, &apos;sep&apos;: &apos;_&apos;, &apos;open&apos;: None, &apos;start&apos;: &apos;10&apos;, &apos;end&apos;: None, &apos;close&apos;: None, &apos;extension&apos;: &apos;.exr&apos;}
</system-out></testcase><testcase classname="zdevelop.tests.test_file_name.TestHelpers" file="zdevelop/tests/test_file_name.py" line="114" name="test_regex_passes[file.001]" time="0.001"><system-out>{&apos;base&apos;: &apos;file&apos;, &apos;sep&apos;: &apos;.&apos;, &apos;open&apos;: None, &apos;start&apos;: &apos;001&apos;, &apos;end&apos;: None, &apos;close&apos;: None, &apos;extension&apos;: None}
</system-out></testcase><testcase classname="zdevelop.tests.test_file_name.TestHelpers" file="zdevelop/tests/test_file_name.py" line="114" name="test_regex_passes[file.010.exr]" time="0.001"><system-out>{&apos;base&apos;: &apos;file&apos;, &apos;sep&apos;: &apos;.&apos;, &apos;open&apos;: None, &apos;start&apos;: &apos;010&apos;, &apos;end&apos;: None, &apos;close&apos;: None, &apos;extension&apos;: &apos;.exr&apos;}
</system-out></testcase><testcase classname="zdevelop.tests.test_file_name.TestHelpers" file="zdevelop/tests/test_file_name.py" line="114" name="test_regex_passes[file_010.exr]" time="0.001"><system-out>{&apos;base&apos;: &apos;file&apos;, &apos;sep&apos;: &apos;_&apos;, &apos;open&apos;: None, &apos;start&apos;: &apos;010&apos;, &apos;end&apos;: None, &apos;close&apos;: None, &apos;extension&apos;: &apos;.exr&apos;}
</system-out></testcase><testcase classname="zdevelop.tests.test_file_name.TestHelpers" file="zdevelop/tests/test_file_name.py" line="114" name="test_regex_passes[file.000010.exr]" time="0.002"><system-out>{&apos;base&apos;: &apos;file&apos;, &apos;sep&apos;: &apos;.&apos;, &apos;open&apos;: None, &apos;start&apos;: &apos;000010&apos;, &apos;end&apos;: None, &apos;close&apos;: None, &apos;extension&apos;: &apos;.exr&apos;}
</system-out></testcase><testcase classname="zdevelop.tests.test_file_name.TestHelpers" file="zdevelop/tests/test_file_name.py" line="114" name="test_regex_passes[file_000010.exr]" time="0.001"><system-out>{&apos;base&apos;: &apos;file&apos;, &apos;sep&apos;: &apos;_&apos;, &apos;open&apos;: None, &apos;start&apos;: &apos;000010&apos;, &apos;end&apos;: None, &apos;close&apos;: None, &apos;extension&apos;: &apos;.exr&apos;}
</system-out></testcase><testcase classname="zdevelop.tests.test_file_name.TestHelpers" file="zdevelop/tests/test_file_name.py" line="114" name="test_regex_passes[file_#.exr]" time="0.001"><system-out>{&apos;base&apos;: &apos;file&apos;, &apos;sep&apos;: &apos;_&apos;, &apos;open&apos;: None, &apos;start&apos;: &apos;#&apos;, &apos;end&apos;: None, &apos;close&apos;: None, &apos;extension&apos;: &apos;.exr&apos;}
</system-out></testcase><testcase classname="zdevelop.tests.test_file_name.TestHelpers" file="zdevelop/tests/test_file_name.py" line="114" name="test_regex_passes[file_#######.exr]" time="0.001"><system-out>{&apos;base&apos;: &apos;file&apos;, &apos;sep&apos;: &apos;_&apos;, &apos;open&apos;: None, &apos;start&apos;: &apos;#######&apos;, &apos;end&apos;: None, &apos;close&apos;: None, &apos;extension&apos;: &apos;.exr&apos;}
</system-out></testcase><testcase classname="zdevelop.tests.test_file_name.TestHelpers" file="zdevelop/tests/test_file_name.py" line="114" name="test_regex_passes[file.10-11.exr]" time="0.001"><system-out>{&apos;base&apos;: &apos;file&apos;, &apos;sep&apos;: &apos;.&apos;, &apos;open&apos;: None, &apos;start&apos;: &apos;10&apos;, &apos;end&apos;: &apos;11&apos;, &apos;close&apos;: None, &apos;extension&apos;: &apos;.exr&apos;}
</system-out></testcase><testcase classname="zdevelop.tests.test_file_name.TestHelpers" file="zdevelop/tests/test_file_name.py" line="114" name="test_regex_passes[file_10-11.exr]" time="0.001"><system-out>{&apos;base&apos;: &apos;file&apos;, &apos;sep&apos;: &apos;_&apos;, &apos;open&apos;: None, &apos;start&apos;: &apos;10&apos;, &apos;end&apos;: &apos;11&apos;, &apos;close&apos;: None, &apos;extension&apos;: &apos;.exr&apos;}
</system-out></testcase><testcase classname="zdevelop.tests.test_file_name.TestHelpers" file="zdevelop/tests/test_file_name.py" line="114" name="test_regex_passes[file.010-011.exr]" time="0.001"><system-out>{&apos;base&apos;: &apos;file&apos;, &apos;sep&apos;: &apos;.&apos;, &apos;open&apos;: None, &apos;start&apos;: &apos;010&apos;, &apos;end&apos;: &apos;011&apos;, &apos;close&apos;: None, &apos;extension&apos;: &apos;.exr&apos;}
</system-out></testcase><testcase classname="zdevelop.tests.test_file_name.TestHelpers" file="zdevelop/tests/test_file_name.py" line="114" name="test_regex_passes[file_010-011.exr]" time="0.001"><system-out>{&apos;base&apos;: &apos;file&apos;, &apos;sep&apos;: &apos;_&apos;, &apos;open&apos;: None, &apos;start&apos;: &apos;010&apos;, &apos;end&apos;: &apos;011&apos;, &apos;close&apos;: None, &apos;extension&apos;: &apos;.exr&apos;}
</system-out></testcase><testcase classname="zdevelop.tests.test_file_name.TestHelpers" file="zdevelop/tests/test_file_name.py" line="114" name="test_regex_passes[file_#-#.exr]" time="0.001"><system-out>{&apos;base&apos;: &apos;file&apos;, &apos;sep&apos;: &apos;_&apos;, &apos;open&apos;: None, &apos;start&apos;: &apos;#&apos;, &apos;end&apos;: &apos;#&apos;, &apos;close&apos;: None, &apos;extension&apos;: &apos;.exr&apos;}
</system-out></testcase><testcase classname="zdevelop.tests.test_file_name.TestHelpers" file="zdevelop/tests/test_file_name.py" line="114" name="test_regex_passes[file_#######-#######.exr]" time="0.001"><system-out>{&apos;base&apos;: &apos;file&apos;, &apos;sep&apos;: &apos;_&apos;, &apos;open&apos;: None, &apos;start&apos;: &apos;#######&apos;, &apos;end&apos;: &apos;#######&apos;, &apos;close&apos;: None, &apos;extension&apos;: &apos;.exr&apos;}
</system-out></testcase><testcase classname="zdevelop.tests.test_file_name.TestHelpers" file="zdevelop/tests/test_file_name.py" line="114" name="test_regex_passes[file.000010-000011.exr]" time="0.001"><system-out>{&apos;base&apos;: &apos;file&apos;, &apos;sep&apos;: &apos;.&apos;, &apos;open&apos;: None, &apos;start&apos;: &apos;000010&apos;, &apos;end&apos;: &apos;000011&apos;, &apos;close&apos;: None, &apos;extension&apos;: &apos;.exr&apos;}
</system-out></testcase><testcase classname="zdevelop.tests.test_file_name.TestHelpers" file="zdevelop/tests/test_file_name.py" line="114" name="test_regex_passes[file.#-#.exr]" time="0.001"><system-out>{&apos;base&apos;: &apos;file&apos;, &apos;sep&apos;: &apos;.&apos;, &apos;open&apos;: None, &apos;start&apos;: &apos;#&apos;, &apos;end&apos;: &apos;#&apos;, &apos;close&apos;: None, &apos;extension&apos;: &apos;.exr&apos;}
</system-out></testcase><testcase classname="zdevelop.tests.test_file_name.TestHelpers" file="zdevelop/tests/test_file_name.py" line="114" name="test_regex_passes[file.#######-#######.exr]" time="0.001"><system-out>{&apos;base&apos;: &apos;file&apos;, &apos;sep&apos;: &apos;.&apos;, &apos;open&apos;: None, &apos;start&apos;: &apos;#######&apos;, &apos;end&apos;: &apos;#######&apos;, &apos;close&apos;: None, &apos;extension&apos;: &apos;.exr&apos;}
</system-out></testcase><testcase classname="zdevelop.tests.test_file_name.TestHelpers" file="zdevelop/tests/test_file_name.py" line="114" name="test_regex_passes[file.[010-011].exr]" time="0.001"><system-out>{&apos;base&apos;: &apos;file&apos;, &apos;sep&apos;: &apos;.&apos;, &apos;open&apos;: &apos;[&apos;, &apos;start&apos;: &apos;010&apos;, &apos;end&apos;: &apos;011&apos;, &apos;close&apos;: &apos;]&apos;, &apos;extension&apos;: &apos;.exr&apos;}
</system-out></testcase><testcase classname="zdevelop.tests.test_file_name.TestHelpers" file="zdevelop/tests/test_file_name.py" line="114" name="test_regex_passes[file.[#-#].exr]" time="0.001"><system-out>{&apos;base&apos;: &apos;file&apos;, &apos;sep&apos;: &apos;.&apos;, &apos;open&apos;: &apos;[&apos;, &apos;start&apos;: &apos;#&apos;, &apos;end&apos;: &apos;#&apos;, &apos;close&apos;: &apos;]&apos;, &apos;extension&apos;: &apos;.exr&apos;}
</system-out></testcase><testcase classname="zdevelop.tests.test_file_name.TestHelpers" file="zdevelop/tests/test_file_name.py" line="114" name="test_regex_passes[file.[#######-#######].exr]" time="0.001"><system-out>{&apos;base&apos;: &apos;file&apos;, &apos;sep&apos;: &apos;.&apos;, &apos;open&apos;: &apos;[&apos;, &apos;start&apos;: &apos;#######&apos;, &apos;end&apos;: &apos;#######&apos;, &apos;close&apos;: &apos;]&apos;, &apos;extension&apos;: &apos;.exr&apos;}
</system-out></testcase><testcase classname="zdevelop.tests.test_file_name.TestHelpers" file="zdevelop/tests/test_file_name.py" line="114" name="test_regex_passes[file_[010-011].exr]" time="0.001"><system-out>{&apos;base&apos;: &apos;file&apos;, &apos;sep&apos;: &apos;_&apos;, &apos;open&apos;: &apos;[&apos;, &apos;start&apos;: &apos;010&apos;, &apos;end&apos;: &apos;011&apos;, &apos;close&apos;: &apos;]&apos;, &apos;extension&apos;: &apos;.exr&apos;}
</system-out></testcase><testcase classname="zdevelop.tests.test_file_name.TestHelpers" file="zdevelop/tests/test_file_name.py" line="114" name="test_regex_passes[file_[#-#].exr]" time="0.001"><system-out>{&apos;base&apos;: &apos;file&apos;, &apos;sep&apos;: &apos;_&apos;, &apos;open&apos;: &apos;[&apos;, &apos;start&apos;: &apos;#&apos;, &apos;end&apos;: &apos;#&apos;, &apos;close&apos;: &apos;]&apos;, &apos;extension&apos;: &apos;.exr&apos;}
</system-out></testcase><testcase classname="zdevelop.tests.test_file_name.TestHelpers" file="zdevelop/tests/test_file_name.py" line="114" name="test_regex_passes[file_[#######-#######].exr]" time="0.001"><system-out>{&apos;base&apos;: &apos;file&apos;, &apos;sep&apos;: &apos;_&apos;, &apos;open&apos;: &apos;[&apos;, &apos;start&apos;: &apos;#######&apos;, &apos;end&apos;: &apos;#######&apos;, &apos;close&apos;: &apos;]&apos;, &apos;extension&apos;: &apos;.exr&apos;}
</system-out></testcase><testcase classname="zdevelop.tests.test_file_name.TestHelpers" file="zdevelop/tests/test_file_name.py" line="114" name="test_regex_passes[file.{010-011}.exr]" time="0.001"><system-out>{&apos;base&apos;: &apos;file&apos;, &apos;sep&apos;: &apos;.&apos;, &apos;open&apos;: &apos;{&apos;, &apos;start&apos;: &apos;010&apos;, &apos;end&apos;: &apos;011&apos;, &apos;close&apos;: &apos;}&apos;, &apos;extension&apos;: &apos;.exr&apos;}
</system-out></testcase><testcase classname="zdevelop.tests.test_file_name.TestHelpers" file="zdevelop/tests/test_file_name.py" line="114" name="test_regex_passes[file_{010-011}.exr]" time="0.001"><system-out>{&apos;base&apos;: &apos;file&apos;, &apos;sep&apos;: &apos;_&apos;, &apos;open&apos;: &apos;{&apos;, &apos;start&apos;: &apos;010&apos;, &apos;end&apos;: &apos;011&apos;, &apos;close&apos;: &apos;}&apos;, &apos;extension&apos;: &apos;.exr&apos;}
</system-out></testcase><testcase classname="zdevelop.tests.test_file_name.TestHelpers" file="zdevelop/tests/test_file_name.py" line="114" name="test_regex_passes[file.(010-011).exr]" time="0.001"><system-out>{&apos;base&apos;: &apos;file&apos;, &apos;sep&apos;: &apos;.&apos;, &apos;open&apos;: &apos;(&apos;, &apos;start&apos;: &apos;010&apos;, &apos;end&apos;: &apos;011&apos;, &apos;close&apos;: &apos;)&apos;, &apos;extension&apos;: &apos;.exr&apos;}
</system-out></testcase><testcase classname="zdevelop.tests.test_file_name.TestHelpers" file="zdevelop/tests/test_file_name.py" line="114" name="test_regex_passes[file_(010-011).exr]" time="0.001"><system-out>{&apos;base&apos;: &apos;file&apos;, &apos;sep&apos;: &apos;_&apos;, &apos;open&apos;: &apos;(&apos;, &apos;start&apos;: &apos;010&apos;, &apos;end&apos;: &apos;011&apos;, &apos;close&apos;: &apos;)&apos;, &apos;extension&apos;: &apos;.exr&apos;}
</system-out></testcase><testcase classname="zdevelop.tests.test_file_name.TestHelpers" file="zdevelop/tests/test_file_name.py" line="114" name="test_regex_passes[file.&lt;010-011&gt;.exr]" time="0.001"><system-out>{&apos;base&apos;: &apos;file&apos;, &apos;sep&apos;: &apos;.&apos;, &apos;open&apos;: &apos;&lt;&apos;, &apos;start&apos;: &apos;010&apos;, &apos;end&apos;: &apos;011&apos;, &apos;close&apos;: &apos;&gt;&apos;, &apos;extension&apos;: &apos;.exr&apos;}
</system-out></testcase><testcase classname="zdevelop.tests.test_file_name.TestHelpers" file="zdevelop/tests/test_file_name.py" line="114" name="test_regex_passes[file_&lt;010-011&gt;.exr]" time="0.001"><system-out>{&apos;base&apos;: &apos;file&apos;, &apos;sep&apos;: &apos;_&apos;, &apos;open&apos;: &apos;&lt;&apos;, &apos;start&apos;: &apos;010&apos;, &apos;end&apos;: &apos;011&apos;, &apos;close&apos;: &apos;&gt;&apos;, &apos;extension&apos;: &apos;.exr&apos;}
</system-out></testcase><testcase classname="zdevelop.tests.test_file_name.TestHelpers" file="zdevelop/tests/test_file_name.py" line="158" name="test_regex_fails[file.mov]" time="0.001"></testcase><testcase classname="zdevelop.tests.test_file_name.TestHelpers" file="zdevelop/tests/test_file_name.py" line="158" name="test_regex_fails[file001]" time="0.001"></testcase><testcase classname="zdevelop.tests.test_file_name.TestHelpers" file="zdevelop/tests/test_file_name.py" line="158" name="test_regex_fails[file10.exr]" time="0.001"></testcase><testcase classname="zdevelop.tests.test_file_name.TestHelpers" file="zdevelop/tests/test_file_name.py" line="158" name="test_regex_fails[file010.exr]" time="0.001"></testcase><testcase classname="zdevelop.tests.test_file_name.TestHelpers" file="zdevelop/tests/test_file_name.py" line="158" name="test_regex_fails[file.#thing.exr]" time="0.001"></testcase><testcase classname="zdevelop.tests.test_file_name.TestHelpers" file="zdevelop/tests/test_file_name.py" line="158" name="test_regex_fails[file.##010.exr]" time="0.001"></testcase><testcase classname="zdevelop.tests.test_file_name.TestHelpers" file="zdevelop/tests/test_file_name.py" line="158" name="test_regex_fails[file.####-##thing.exr]" time="0.001"></testcase><testcase classname="zdevelop.tests.test_file_name.TestHelpers" file="zdevelop/tests/test_file_name.py" line="158" name="test_regex_fails[file.[####-##thing].exr]" time="0.001"></testcase><testcase classname="zdevelop.tests.test_file_name.TestHelpers" file="zdevelop/tests/test_file_name.py" line="178" name="test_extract_pieces[file.001.exr-name-file]" time="0.002"></testcase><testcase classname="zdevelop.tests.test_file_name.TestHelpers" file="zdevelop/tests/test_file_name.py" line="178" name="test_extract_pieces[file.001.exr-sep-.]" time="0.001"></testcase><testcase classname="zdevelop.tests.test_file_name.TestHelpers" file="zdevelop/tests/test_file_name.py" line="178" name="test_extract_pieces[file.001.exr-start-1]" time="0.001"></testcase><testcase classname="zdevelop.tests.test_file_name.TestHelpers" file="zdevelop/tests/test_file_name.py" line="178" name="test_extract_pieces[file.001.exr-num_end-None]" time="0.001"></testcase><testcase classname="zdevelop.tests.test_file_name.TestHelpers" file="zdevelop/tests/test_file_name.py" line="178" name="test_extract_pieces[file.001.exr-padding-3]" time="0.001"></testcase><testcase classname="zdevelop.tests.test_file_name.TestHelpers" file="zdevelop/tests/test_file_name.py" line="178" name="test_extract_pieces[file.001.exr-brackets-None]" time="0.001"></testcase><testcase classname="zdevelop.tests.test_file_name.TestHelpers" file="zdevelop/tests/test_file_name.py" line="178" name="test_extract_pieces[file.001.exr-extension-.exr]" time="0.002"></testcase><testcase classname="zdevelop.tests.test_file_name.TestHelpers" file="zdevelop/tests/test_file_name.py" line="178" name="test_extract_pieces[file.#.exr-name-file]" time="0.002"></testcase><testcase classname="zdevelop.tests.test_file_name.TestHelpers" file="zdevelop/tests/test_file_name.py" line="178" name="test_extract_pieces[file.#.exr-sep-.]" time="0.001"></testcase><testcase classname="zdevelop.tests.test_file_name.TestHelpers" file="zdevelop/tests/test_file_name.py" line="178" name="test_extract_pieces[file.#.exr-start-#]" time="0.001"></testcase><testcase classname="zdevelop.tests.test_file_name.TestHelpers" file="zdevelop/tests/test_file_name.py" line="178" name="test_extract_pieces[file.#.exr-num_end-None]" time="0.001"></testcase><testcase classname="zdevelop.tests.test_file_name.TestHelpers" file="zdevelop/tests/test_file_name.py" line="178" name="test_extract_pieces[file.#.exr-padding-1]" time="0.001"></testcase><testcase classname="zdevelop.tests.test_file_name.TestHelpers" file="zdevelop/tests/test_file_name.py" line="178" name="test_extract_pieces[file.#.exr-brackets-None]" time="0.001"></testcase><testcase classname="zdevelop.tests.test_file_name.TestHelpers" file="zdevelop/tests/test_file_name.py" line="178" name="test_extract_pieces[file.#.exr-extension-.exr]" time="0.001"></testcase><testcase classname="zdevelop.tests.test_file_name.TestHelpers" file="zdevelop/tests/test_file_name.py" line="178" name="test_extract_pieces[file.###.exr-name-file]" time="0.001"></testcase><testcase classname="zdevelop.tests.test_file_name.TestHelpers" file="zdevelop/tests/test_file_name.py" line="178" name="test_extract_pieces[file.###.exr-sep-.]" time="0.001"></testcase><testcase classname="zdevelop.tests.test_file_name.TestHelpers" file="zdevelop/tests/test_file_name.py" line="178" name="test_extract_pieces[file.###.exr-start-#]" time="0.002"></testcase><testcase classname="zdevelop.tests.test_file_name.TestHelpers" file="zdevelop/tests/test_file_name.py" line="178" name="test_extract_pieces[file.###.exr-num_end-None]" time="0.002"></testcase><testcase classname="zdevelop.tests.test_file_name.TestHelpers" file="zdevelop/tests/test_file_name.py" line="178" name="test_extract_pieces[file.###.exr-padding-3]" time="0.002"></testcase><testcase classname="zdevelop.tests.test_file_name.TestHelpers" file="zdevelop/tests/test_file_name.py" line="178" name="test_extract_pieces[file.###.exr-brackets-None]" time="0.002"></testcase><testcase classname="zdevelop.tests.test_file_name.TestHelpers" file="zdevelop/tests/test_file_name.py" line="178" name="test_extract_pieces[file.###.exr-extension-.exr]" time="0.002"></testcase><testcase classname="zdevelop.tests.test_file_name.TestHelpers" file="zdevelop/tests/test_file_name.py" line="178" name="test_extract_pieces[file_001.exr-name-file]" time="0.002"></testcase><testcase classname="zdevelop.tests.test_file_name.TestHelpers" file="zdevelop/tests/test_file_name.py" line="178" name="test_extract_pieces[file_001.exr-sep-_]" time="0.001"></testcase><testcase classname="zdevelop.tests.test_file_name.TestHelpers" file="zdevelop/tests/test_file_name.py" line="178" name="test_extract_pieces[file_001.exr-start-1]" time="0.002"></testcase><testcase classname="zdevelop.tests.test_file_name.TestHelpers" file="zdevelop/tests/test_file_name.py" line="178" name="test_extract_pieces[file_001.exr-num_end-None]" time="0.002"></testcase><testcase classname="zdevelop.tests.test_file_name.TestHelpers" file="zdevelop/tests/test_file_name.py" line="178" name="test_extract_pieces[file_001.exr-padding-3]" time="0.001"></testcase><testcase classname="zdevelop.tests.test_file_name.TestHelpers" file="zdevelop/tests/test_file_name.py" line="178" name="test_extract_pieces[file_001.exr-brackets-None]" time="0.002"></testcase><testcase classname="zdevelop.tests.test_file_name.TestHelpers" file="zdevelop/tests/test_file_name.py" line="178" name="test_extract_pieces[file_001.exr-extension-.exr]" time="0.002"></testcase><testcase classname="zdevelop.tests.test_file_name.TestHelpers" file="zdevelop/tests/test_file_name.py" line="178" name="test_extract_pieces[file_001-name-file]" time="0.001"></testcase><testcase classname="zdevelop.tests.test_file_name.TestHelpers" file="zdevelop/tests/test_file_name.py" line="178" name="test_extract_pieces[file_001-sep-_]" time="0.001"></testcase><testcase classname="zdevelop.tests.test_file_name.TestHelpers" file="zdevelop/tests/test_file_name.py" line="178" name="test_extract_pieces[file_001-start-1]" time="0.001"></testcase><testcase classname="zdevelop.tests.test_file_name.TestHelpers" file="zdevelop/tests/test_file_name.py" line="178" name="test_extract_pieces[file_001-num_end-None]" time="0.002"></testcase><testcase classname="zdevelop.tests.test_file_name.TestHelpers" file="zdevelop/tests/test_file_name.py" line="178" name="test_extract_pieces[file_001-padding-3]" time="0.001"></testcase><testcase classname="zdevelop.tests.test_file_name.TestHelpers" file="zdevelop/tests/test_file_name.py" line="178" name="test_extract_pieces[file_001-brackets-None]" time="0.002"></testcase><testcase classname="zdevelop.tests.test_file_name.TestHelpers" file="zdevelop/tests/test_file_name.py" line="178" name="test_extract_pieces[file_001-extension-None]" time="0.001"></testcase><testcase classname="zdevelop.tests.test_file_name.TestHelpers" file="zdevelop/tests/test_file_name.py" line="178" name="test_extract_pieces[file_thing.test.010.exr-name-file_thing.test]" time="0.002"></testcase><testcase classname="zdevelop.tests.test_file_name.TestHelpers" file="zdevelop/tests/test_file_name.py" line="178" name="test_extract_pieces[file_thing.test.010.exr-sep-.]" time="0.002"></testcase><testcase classname="zdevelop.tests.test_file_name.TestHelpers" file="zdevelop/tests/test_file_name.py" line="178" name="test_extract_pieces[file_thing.test.010.exr-start-10]" time="0.002"></testcase><testcase classname="zdevelop.tests.test_file_name.TestHelpers" file="zdevelop/tests/test_file_name.py" line="178" name="test_extract_pieces[file_thing.test.010.exr-num_end-None]" time="0.001"></testcase><testcase classname="zdevelop.tests.test_file_name.TestHelpers" file="zdevelop/tests/test_file_name.py" line="178" name="test_extract_pieces[file_thing.test.010.exr-padding-3]" time="0.002"></testcase><testcase classname="zdevelop.tests.test_file_name.TestHelpers" file="zdevelop/tests/test_file_name.py" line="178" name="test_extract_pieces[file_thing.test.010.exr-brackets-None]" time="0.002"></testcase><testcase classname="zdevelop.tests.test_file_name.TestHelpers" file="zdevelop/tests/test_file_name.py" line="178" name="test_extract_pieces[file_thing.test.010.exr-extension-.exr]" time="0.002"></testcase><testcase classname="zdevelop.tests.test_file_name.TestHelpers" file="zdevelop/tests/test_file_name.py" line="178" name="test_extract_pieces[file_thing.test.010-name-file_thing.test]" time="0.001"></testcase><testcase classname="zdevelop.tests.test_file_name.TestHelpers" file="zdevelop/tests/test_file_name.py" line="178" name="test_extract_pieces[file_thing.test.010-sep-.]" time="0.001"></testcase><testcase classname="zdevelop.tests.test_file_name.TestHelpers" file="zdevelop/tests/test_file_name.py" line="178" name="test_extract_pieces[file_thing.test.010-start-10]" time="0.002"></testcase><testcase classname="zdevelop.tests.test_file_name.TestHelpers" file="zdevelop/tests/test_file_name.py" line="178" name="test_extract_pieces[file_thing.test.010-num_end-None]" time="0.002"></testcase><testcase classname="zdevelop.tests.test_file_name.TestHelpers" file="zdevelop/tests/test_file_name.py" line="178" name="test_extract_pieces[file_thing.test.010-padding-3]" time="0.001"></testcase><testcase classname="zdevelop.tests.test_file_name.TestHelpers" file="zdevelop/tests/test_file_name.py" line="178" name="test_extract_pieces[file_thing.test.010-brackets-None]" time="0.002"></testcase><testcase classname="zdevelop.tests.test_file_name.TestHelpers" file="zdevelop/tests/test_file_name.py" line="178" name="test_extract_pieces[file_thing.test.010-extension-None]" time="0.002"></testcase><testcase classname="zdevelop.tests.test_file_name.TestHelpers" file="zdevelop/tests/test_file_name.py" line="178" name="test_extract_pieces[file.001-010.exr-name-file]" time="0.001"></testcase><testcase classname="zdevelop.tests.test_file_name.TestHelpers" file="zdevelop/tests/test_file_name.py" line="178" name="test_extract_pieces[file.001-010.exr-sep-.]" time="0.001"></testcase><testcase classname="zdevelop.tests.test_file_name.TestHelpers" file="zdevelop/tests/test_file_name.py" line="178" name="test_extract_pieces[file.001-010.exr-start-1]" time="0.002"></testcase><testcase classname="zdevelop.tests.test_file_name.TestHelpers" file="zdevelop/tests/test_file_name.py" line="178" name="test_extract_pieces[file.001-010.exr-num_end-10]" time="0.002"></testcase><testcase classname="zdevelop.tests.test_file_name.TestHelpers" file="zdevelop/tests/test_file_name.py" line="178" name="test_extract_pieces[file.001-010.exr-padding-3]" time="0.001"></testcase><testcase classname="zdevelop.tests.test_file_name.TestHelpers" file="zdevelop/tests/test_file_name.py" line="178" name="test_extract_pieces[file.001-010.exr-brackets-None]" time="0.001"></testcase><testcase classname="zdevelop.tests.test_file_name.TestHelpers" file="zdevelop/tests/test_file_name.py" line="178" name="test_extract_pieces[file.001-010.exr-extension-.exr]" time="0.001"></testcase><testcase classname="zdevelop.tests.test_file_name.TestHelpers" file="zdevelop/tests/test_file_name.py" line="178" name="test_extract_pieces[file.###-###.exr-name-file]" time="0.001"></testcase><testcase classname="zdevelop.tests.test_file_name.TestHelpers" file="zdevelop/tests/test_file_name.py" line="178" name="test_extract_pieces[file.###-###.exr-sep-.]" time="0.002"></testcase><testcase classname="zdevelop.tests.test_file_name.TestHelpers" file="zdevelop/tests/test_file_name.py" line="178" name="test_extract_pieces[file.###-###.exr-start-#]" time="0.002"></testcase><testcase classname="zdevelop.tests.test_file_name.TestHelpers" file="zdevelop/tests/test_file_name.py" line="178" name="test_extract_pieces[file.###-###.exr-num_end-#]" time="0.002"></testcase><testcase classname="zdevelop.tests.test_file_name.TestHelpers" file="zdevelop/tests/test_file_name.py" line="178" name="test_extract_pieces[file.###-###.exr-padding-3]" time="0.002"></testcase><testcase classname="zdevelop.tests.test_file_name.TestHelpers" file="zdevelop/tests/test_file_name.py" line="178" name="test_extract_pieces[file.###-###.exr-brackets-None]" time="0.001"></testcase><testcase classname="zdevelop.tests.test_file_name.TestHelpers" file="zdevelop/tests/test_file_name.py" line="178" name="test_extract_pieces[file.###-###.exr-extension-.exr]" time="0.002"></testcase><testcase classname="zdevelop.tests.test_file_name.TestHelpers" file="zdevelop/tests/test_file_name.py" line="178" name="test_extract_pieces[file.[001-010].exr-name-file]" time="0.002"></testcase><testcase classname="zdevelop.tests.test_file_name.TestHelpers" file="zdevelop/tests/test_file_name.py" line="178" name="test_extract_pieces[file.[001-010].exr-sep-.]" time="0.001"></testcase><testcase classname="zdevelop.tests.test_file_name.TestHelpers" file="zdevelop/tests/test_file_name.py" line="178" name="test_extract_pieces[file.[001-010].exr-start-1]" time="0.001"></testcase><testcase classname="zdevelop.tests.test_file_name.TestHelpers" file="zdevelop/tests/test_file_name.py" line="178" name="test_extract_pieces[file.[001-010].exr-num_end-10]" time="0.001"></testcase><testcase classname="zdevelop.tests.test_file_name.TestHelpers" file="zdevelop/tests/test_file_name.py" line="178" name="test_extract_pieces[file.[001-010].exr-padding-3]" time="0.002"></testcase><testcase classname="zdevelop.tests.test_file_name.TestHelpers" file="zdevelop/tests/test_file_name.py" line="178" name="test_extract_pieces[file.[001-010].exr-brackets-answer68]" time="0.001"></testcase><testcase classname="zdevelop.tests.test_file_name.TestHelpers" file="zdevelop/tests/test_file_name.py" line="178" name="test_extract_pieces[file.[001-010].exr-extension-.exr]" time="0.001"></testcase><testcase classname="zdevelop.tests.test_file_name.TestHelpers" file="zdevelop/tests/test_file_name.py" line="178" name="test_extract_pieces[file.[###-###].exr-name-file]" time="0.001"></testcase><testcase classname="zdevelop.tests.test_file_name.TestHelpers" file="zdevelop/tests/test_file_name.py" line="178" name="test_extract_pieces[file.[###-###].exr-sep-.]" time="0.001"></testcase><testcase classname="zdevelop.tests.test_file_name.TestHelpers" file="zdevelop/tests/test_file_name.py" line="178" name="test_extract_pieces[file.[###-###].exr-start-#]" time="0.002"></testcase><testcase classname="zdevelop.tests.test_file_name.TestHelpers" file="zdevelop/tests/test_file_name.py" line="178" name="test_extract_pieces[file.[###-###].exr-num_end-#]" time="0.001"></testcase><testcase classname="zdevelop.tests.test_file_name.TestHelpers" file="zdevelop/tests/test_file_name.py" line="178" name="test_extract_pieces[file.[###-###].exr-padding-3]" time="0.002"></testcase><testcase classname="zdevelop.tests.test_file_name.TestHelpers" file="zdevelop/tests/test_file_name.py" line="178" name="test_extract_pieces[file.[###-###].exr-brackets-answer75]" time="0.002"></testcase><testcase classname="zdevelop.tests.test_file_name.TestHelpers" file="zdevelop/tests/test_file_name.py" line="178" name="test_extract_pieces[file.[###-###].exr-extension-.exr]" time="0.001"></testcase><testcase classname="zdevelop.tests.test_file_name.TestHelpers" file="zdevelop/tests/test_file_name.py" line="178" name="test_extract_pieces[file.[001-010]-name-file]" time="0.002"></testcase><testcase classname="zdevelop.tests.test_file_name.TestHelpers" file="zdevelop/tests/test_file_name.py" line="178" name="test_extract_pieces[file.[001-010]-sep-.]" time="0.001"></testcase><testcase classname="zdevelop.tests.test_file_name.TestHelpers" file="zdevelop/tests/test_file_name.py" line="178" name="test_extract_pieces[file.[001-010]-start-1]" time="0.001"></testcase><testcase classname="zdevelop.tests.test_file_name.TestHelpers" file="zdevelop/tests/test_file_name.py" line="178" name="test_extract_pieces[file.[001-010]-num_end-10]" time="0.001"></testcase><testcase classname="zdevelop.tests.test_file_name.TestHelpers" file="zdevelop/tests/test_file_name.py" line="178" name="test_extract_pieces[file.[001-010]-padding-3]" time="0.002"></testcase><testcase classname="zdevelop.tests.test_file_name.TestHelpers" file="zdevelop/tests/test_file_name.py" line="178" name="test_extract_pieces[file.[001-010]-brackets-answer82]" time="0.002"></testcase><testcase classname="zdevelop.tests.test_file_name.TestHelpers" file="zdevelop/tests/test_file_name.py" line="178" name="test_extract_pieces[file.[001-010]-extension-None]" time="0.002"></testcase><testcase classname="zdevelop.tests.test_file_name.TestHelpers" file="zdevelop/tests/test_file_name.py" line="178" name="test_extract_pieces[file_[100-110].dpx.[001-010].exr-name-file_[100-110].dpx]" time="0.002"></testcase><testcase classname="zdevelop.tests.test_file_name.TestHelpers" file="zdevelop/tests/test_file_name.py" line="178" name="test_extract_pieces[file_[100-110].dpx.[001-010].exr-sep-.]" time="0.001"></testcase><testcase classname="zdevelop.tests.test_file_name.TestHelpers" file="zdevelop/tests/test_file_name.py" line="178" name="test_extract_pieces[file_[100-110].dpx.[001-010].exr-start-1]" time="0.002"></testcase><testcase classname="zdevelop.tests.test_file_name.TestHelpers" file="zdevelop/tests/test_file_name.py" line="178" name="test_extract_pieces[file_[100-110].dpx.[001-010].exr-num_end-10]" time="0.002"></testcase><testcase classname="zdevelop.tests.test_file_name.TestHelpers" file="zdevelop/tests/test_file_name.py" line="178" name="test_extract_pieces[file_[100-110].dpx.[001-010].exr-padding-3]" time="0.001"></testcase><testcase classname="zdevelop.tests.test_file_name.TestHelpers" file="zdevelop/tests/test_file_name.py" line="178" name="test_extract_pieces[file_[100-110].dpx.[001-010].exr-brackets-answer89]" time="0.001"></testcase><testcase classname="zdevelop.tests.test_file_name.TestHelpers" file="zdevelop/tests/test_file_name.py" line="178" name="test_extract_pieces[file_[100-110].dpx.[001-010].exr-extension-.exr]" time="0.001"></testcase><testcase classname="zdevelop.tests.test_file_name.TestHelpers" file="zdevelop/tests/test_file_name.py" line="178" name="test_extract_pieces[file_100.dpx.[001-010].exr-name-file_100.dpx]" time="0.001"></testcase><testcase classname="zdevelop.tests.test_file_name.TestHelpers" file="zdevelop/tests/test_file_name.py" line="178" name="test_extract_pieces[file_100.dpx.[001-010].exr-sep-.]" time="0.002"></testcase><testcase classname="zdevelop.tests.test_file_name.TestHelpers" file="zdevelop/tests/test_file_name.py" line="178" name="test_extract_pieces[file_100.dpx.[001-010].exr-start-1]" time="0.001"></testcase><testcase classname="zdevelop.tests.test_file_name.TestHelpers" file="zdevelop/tests/test_file_name.py" line="178" name="test_extract_pieces[file_100.dpx.[001-010].exr-num_end-10]" time="0.002"></testcase><testcase classname="zdevelop.tests.test_file_name.TestHelpers" file="zdevelop/tests/test_file_name.py" line="178" name="test_extract_pieces[file_100.dpx.[001-010].exr-padding-3]" time="0.002"></testcase><testcase classname="zdevelop.tests.test_file_name.TestHelpers" file="zdevelop/tests/test_file_name.py" line="178" name="test_extract_pieces[file_100.dpx.[001-010].exr-brackets-answer96]" time="0.002"></testcase><testcase classname="zdevelop.tests.test_file_name.TestHelpers" file="zdevelop/tests/test_file_name.py" line="178" name="test_extract_pieces[file_100.dpx.[001-010].exr-extension-.exr]" time="0.002"></testcase><testcase classname="zdevelop.tests.test_file_name.TestHelpers" file="zdevelop/tests/test_file_name.py" line="305" name="test_post_init_start_end[1-1]" time="0.001"></testcase><testcase classname="zdevelop.tests.test_file_name.TestHelpers" file="zdevelop/tests/test_file_name.py" line="305" name="test_post_init_start_end[342-342]" time="0.001"></testcase><testcase classname="zdevelop.tests.test_file_name.TestHelpers" file="zdevelop/tests/test_file_name.py" line="305" name="test_post_init_start_end[#-#]" time="0.001"></testcase><testcase classname="zdevelop.tests.test_file_name.TestHelpers" file="zdevelop/tests/test_file_name.py" line="305" name="test_post_init_start_end[##-#]" time="0.001"></testcase><testcase classname="zdevelop.tests.test_file_name.TestHelpers" file="zdevelop/tests/test_file_name.py" line="305" name="test_post_init_start_end[None-None]" time="0.001"></testcase><testcase classname="zdevelop.tests.test_file_name.TestFileName" file="zdevelop/tests/test_file_name.py" line="313" name="test_print[file-txt-file.txt]" time="0.001"></testcase><testcase classname="zdevelop.tests.test_file_name.TestFileName" file="zdevelop/tests/test_file_name.py" line="313" name="test_print[file-.txt-file.txt]" time="0.002"></testcase><testcase classname="zdevelop.tests.test_file_name.TestFileName" file="zdevelop/tests/test_file_name.py" line="313" name="test_print[file-None-file]" time="0.001"></testcase><testcase classname="zdevelop.tests.test_file_name.TestFileName" file="zdevelop/tests/test_file_name.py" line="324" name="test_alter[new-.txt-new-.txt]" time="0.001"></testcase><testcase classname="zdevelop.tests.test_file_name.TestFileName" file="zdevelop/tests/test_file_name.py" line="324" name="test_alter[new-None-new-None]" time="0.001"></testcase><testcase classname="zdevelop.tests.test_file_name.TestFileName" file="zdevelop/tests/test_file_name.py" line="324" name="test_alter[new-ext2-new-.ext]" time="0.002"></testcase><testcase classname="zdevelop.tests.test_file_name.TestFileName" file="zdevelop/tests/test_file_name.py" line="324" name="test_alter[base3-ext3-base-.ext]" time="0.001"></testcase><testcase classname="zdevelop.tests.test_file_name.TestFileName" file="zdevelop/tests/test_file_name.py" line="324" name="test_alter[base4-txt-base-.txt]" time="0.001"></testcase><testcase classname="zdevelop.tests.test_file_name.TestSequenceName" file="zdevelop/tests/test_file_name.py" line="341" name="test_init_defaults" time="0.001"></testcase><testcase classname="zdevelop.tests.test_file_name.TestSequenceName" file="zdevelop/tests/test_file_name.py" line="351" name="test_add_extension_period" time="0.001"></testcase><testcase classname="zdevelop.tests.test_file_name.TestSequenceName" file="zdevelop/tests/test_file_name.py" line="354" name="test_extension_none" time="0.001"></testcase><testcase classname="zdevelop.tests.test_file_name.TestSequenceName" file="zdevelop/tests/test_file_name.py" line="357" name="test_from_path[file_name.[01-20].exr-1-20-brackets0]" time="0.001"></testcase><testcase classname="zdevelop.tests.test_file_name.TestSequenceName" file="zdevelop/tests/test_file_name.py" line="357" name="test_from_path[file_name.01.exr-1-None-None]" time="0.002"></testcase><testcase classname="zdevelop.tests.test_file_name.TestSequenceName" file="zdevelop/tests/test_file_name.py" line="357" name="test_from_path[file_name.##.exr-#-None-None]" time="0.001"></testcase><testcase classname="zdevelop.tests.test_file_name.TestSequenceName" file="zdevelop/tests/test_file_name.py" line="357" name="test_from_path[path3-1-20-brackets3]" time="0.002"></testcase><testcase classname="zdevelop.tests.test_file_name.TestSequenceName" file="zdevelop/tests/test_file_name.py" line="357" name="test_from_path[path4-#-#-brackets4]" time="0.001"></testcase><testcase classname="zdevelop.tests.test_file_name.TestSequenceName" file="zdevelop/tests/test_file_name.py" line="384" name="test_format_string[file.001.exr-file-.exr-.-1-None-3-None]" time="0.002"></testcase><testcase classname="zdevelop.tests.test_file_name.TestSequenceName" file="zdevelop/tests/test_file_name.py" line="384" name="test_format_string[file.###.exr-file-.exr-.-#-None-3-None]" time="0.002"></testcase><testcase classname="zdevelop.tests.test_file_name.TestSequenceName" file="zdevelop/tests/test_file_name.py" line="384" name="test_format_string[file_001.exr-file-.exr-_-1-None-3-None]" time="0.002"></testcase><testcase classname="zdevelop.tests.test_file_name.TestSequenceName" file="zdevelop/tests/test_file_name.py" line="384" name="test_format_string[file_0000001.exr-file-.exr-_-1-None-7-None]" time="0.002"></testcase><testcase classname="zdevelop.tests.test_file_name.TestSequenceName" file="zdevelop/tests/test_file_name.py" line="384" name="test_format_string[file.1.exr-file-.exr-.-1-None-0-None]" time="0.002"></testcase><testcase classname="zdevelop.tests.test_file_name.TestSequenceName" file="zdevelop/tests/test_file_name.py" line="384" name="test_format_string[file.001-file-None-.-1-None-3-None]" time="0.002"></testcase><testcase classname="zdevelop.tests.test_file_name.TestSequenceName" file="zdevelop/tests/test_file_name.py" line="384" name="test_format_string[file.001-010.exr-file-.exr-.-1-10-3-None]" time="0.002"></testcase><testcase classname="zdevelop.tests.test_file_name.TestSequenceName" file="zdevelop/tests/test_file_name.py" line="384" name="test_format_string[file.###-###.exr-file-.exr-.-#-#-3-None]" time="0.002"></testcase><testcase classname="zdevelop.tests.test_file_name.TestSequenceName" file="zdevelop/tests/test_file_name.py" line="384" name="test_format_string[file.[001-010].exr-file-.exr-.-1-10-3-brackets8]" time="0.002"></testcase><testcase classname="zdevelop.tests.test_file_name.TestSequenceName" file="zdevelop/tests/test_file_name.py" line="384" name="test_format_string[file.&lt;001-010&gt;.exr-file-.exr-.-1-10-3-brackets9]" time="0.002"></testcase><testcase classname="zdevelop.tests.test_file_name.TestSequenceName" file="zdevelop/tests/test_file_name.py" line="412" name="test_alter_seq_name[changes_dict0]" time="0.001"><system-out>org: file.100.exr
new: file.200.exr
changes:{&apos;start&apos;: 200}
</system-out></testcase><testcase classname="zdevelop.tests.test_file_name.TestSequenceName" file="zdevelop/tests/test_file_name.py" line="412" name="test_alter_seq_name[changes_dict1]" time="0.001"><system-out>org: file.100.exr
new: file.200-210.exr
changes:{&apos;start&apos;: 200, &apos;end&apos;: 210}
</system-out></testcase><testcase classname="zdevelop.tests.test_file_name.TestSequenceName" file="zdevelop/tests/test_file_name.py" line="412" name="test_alter_seq_name[changes_dict2]" time="0.001"><system-out>org: file.100.exr
new: file2.100.exr
changes:{&apos;base&apos;: &apos;file2&apos;}
</system-out></testcase><testcase classname="zdevelop.tests.test_file_name.TestSequenceName" file="zdevelop/tests/test_file_name.py" line="412" name="test_alter_seq_name[changes_dict3]" time="0.001"><system-out>org: file.100.exr
new: file2.100
changes:{&apos;base&apos;: &apos;file2&apos;, &apos;extension&apos;: None}
</system-out></testcase><testcase classname="zdevelop.tests.test_file_name.TestSequenceName" file="zdevelop/tests/test_file_name.py" line="437" name="test_alter_extension_adds_period" time="0.001"><system-out>new_extension: .dpx
</system-out></testcase><testcase classname="zdevelop.tests.test_file_name.TestSequenceName" file="zdevelop/tests/test_file_name.py" line="443" name="test_is_frozen" time="0.001"></testcase><testcase classname="zdevelop.tests.test_file_seq.TestSeqDunder" file="zdevelop/tests/test_file_seq.py" line="10" name="test_init[/Volumes/disk/folder/file.100.txt]" time="0.001"><system-out>file.###.txt 100 200 0
path: /Volumes/disk/folder/file.100.txt
start:100
end:200
file.###.txt 100 200 0
</system-out></testcase><testcase classname="zdevelop.tests.test_file_seq.TestSeqDunder" file="zdevelop/tests/test_file_seq.py" line="10" name="test_init[path1]" time="0.002"><system-out>file.###.txt 100 200 0
path: /Volumes/disk/folder/file.100.txt
start:100
end:200
file.###.txt 100 200 0
</system-out></testcase><testcase classname="zdevelop.tests.test_file_seq.TestSeqDunder" file="zdevelop/tests/test_file_seq.py" line="26" name="test_len" time="0.001"></testcase><testcase classname="zdevelop.tests.test_file_seq.TestSeqDunder" file="zdevelop/tests/test_file_seq.py" line="29" name="test_get_index[0-/Volumes/disk/folder/file.100.txt]" time="0.002"><system-out>file.###.txt 100 200 0
</system-out></testcase><testcase classname="zdevelop.tests.test_file_seq.TestSeqDunder" file="zdevelop/tests/test_file_seq.py" line="29" name="test_get_index[1-/Volumes/disk/folder/file.101.txt]" time="0.001"><system-out>file.###.txt 100 200 1
</system-out></testcase><testcase classname="zdevelop.tests.test_file_seq.TestSeqDunder" file="zdevelop/tests/test_file_seq.py" line="29" name="test_get_index[-1-/Volumes/disk/folder/file.200.txt]" time="0.001"><system-out>file.###.txt 100 200 -1
</system-out></testcase><testcase classname="zdevelop.tests.test_file_seq.TestSeqDunder" file="zdevelop/tests/test_file_seq.py" line="29" name="test_get_index[-2-/Volumes/disk/folder/file.199.txt]" time="0.002"><system-out>file.###.txt 100 200 -2
</system-out></testcase><testcase classname="zdevelop.tests.test_file_seq.TestSeqDunder" file="zdevelop/tests/test_file_seq.py" line="29" name="test_get_index[50-/Volumes/disk/folder/file.150.txt]" time="0.002"><system-out>file.###.txt 100 200 50
</system-out></testcase><testcase classname="zdevelop.tests.test_file_seq.TestSeqDunder" file="zdevelop/tests/test_file_seq.py" line="29" name="test_get_index[-50-/Volumes/disk/folder/file.151.txt]" time="0.002"><system-out>file.###.txt 100 200 -50
</system-out></testcase><testcase classname="zdevelop.tests.test_file_seq.TestSeqDunder" file="zdevelop/tests/test_file_seq.py" line="43" name="test_get_index_raises[-102]" time="0.002"><system-out>file.###.txt 100 200 -102
</system-out></testcase><testcase classname="zdevelop.tests.test_file_seq.TestSeqDunder" file="zdevelop/tests/test_file_seq.py" line="43" name="test_get_index_raises[101]" time="0.001"><system-out>file.###.txt 100 200 101
</system-out></testcase><testcase classname="zdevelop.tests.test_file_seq.TestSeqDunder" file="zdevelop/tests/test_file_seq.py" line="43" name="test_get_index_raises[-300]" time="0.002"><system-out>file.###.txt 100 200 -300
</system-out></testcase><testcase classname="zdevelop.tests.test_file_seq.TestSeqDunder" file="zdevelop/tests/test_file_seq.py" line="43" name="test_get_index_raises[300]" time="0.001"><system-out>file.###.txt 100 200 300
</system-out></testcase><testcase classname="zdevelop.tests.test_file_seq.TestSeqDunder" file="zdevelop/tests/test_file_seq.py" line="49" name="test_get_slice[bounds0-150-175]" time="0.002"><system-out>file.###.txt 100 200 0
</system-out></testcase><testcase classname="zdevelop.tests.test_file_seq.TestSeqDunder" file="zdevelop/tests/test_file_seq.py" line="49" name="test_get_slice[bounds1-100-150]" time="0.002"><system-out>file.###.txt 100 200 0
</system-out></testcase><testcase classname="zdevelop.tests.test_file_seq.TestSeqDunder" file="zdevelop/tests/test_file_seq.py" line="49" name="test_get_slice[bounds2-143-200]" time="0.002"><system-out>file.###.txt 100 200 0
</system-out></testcase><testcase classname="zdevelop.tests.test_file_seq.TestSeqDunder" file="zdevelop/tests/test_file_seq.py" line="49" name="test_get_slice[bounds3-143-199]" time="0.002"><system-out>file.###.txt 100 200 0
</system-out></testcase><testcase classname="zdevelop.tests.test_file_seq.TestSeqDunder" file="zdevelop/tests/test_file_seq.py" line="49" name="test_get_slice[bounds4-151-200]" time="0.002"><system-out>file.###.txt 100 200 0
</system-out></testcase><testcase classname="zdevelop.tests.test_file_seq.TestSeqDunder" file="zdevelop/tests/test_file_seq.py" line="49" name="test_get_slice[bounds5-100-200]" time="0.002"><system-out>file.###.txt 100 200 0
</system-out></testcase><testcase classname="zdevelop.tests.test_file_seq.TestSeqDunder" file="zdevelop/tests/test_file_seq.py" line="67" name="test_get_file_num[100-/Volumes/disk/folder/file.100.txt]" time="0.001"><system-out>file.###.txt 100 200 0
</system-out></testcase><testcase classname="zdevelop.tests.test_file_seq.TestSeqDunder" file="zdevelop/tests/test_file_seq.py" line="67" name="test_get_file_num[101-/Volumes/disk/folder/file.101.txt]" time="0.001"><system-out>file.###.txt 100 200 1
</system-out></testcase><testcase classname="zdevelop.tests.test_file_seq.TestSeqDunder" file="zdevelop/tests/test_file_seq.py" line="67" name="test_get_file_num[-1-/Volumes/disk/folder/file.200.txt]" time="0.001"><system-out>file.###.txt 100 200 -1
</system-out></testcase><testcase classname="zdevelop.tests.test_file_seq.TestSeqDunder" file="zdevelop/tests/test_file_seq.py" line="67" name="test_get_file_num[-2-/Volumes/disk/folder/file.199.txt]" time="0.001"><system-out>file.###.txt 100 200 -2
</system-out></testcase><testcase classname="zdevelop.tests.test_file_seq.TestSeqDunder" file="zdevelop/tests/test_file_seq.py" line="67" name="test_get_file_num[150-/Volumes/disk/folder/file.150.txt]" time="0.002"><system-out>file.###.txt 100 200 50
</system-out></testcase><testcase classname="zdevelop.tests.test_file_seq.TestSeqDunder" file="zdevelop/tests/test_file_seq.py" line="67" name="test_get_file_num[-50-/Volumes/disk/folder/file.151.txt]" time="0.001"><system-out>file.###.txt 100 200 -50
</system-out></testcase><testcase classname="zdevelop.tests.test_file_seq.TestSeqDunder" file="zdevelop/tests/test_file_seq.py" line="67" name="test_get_file_num[-101-/Volumes/disk/folder/file.100.txt]" time="0.002"><system-out>file.###.txt 100 200 -101
</system-out></testcase><testcase classname="zdevelop.tests.test_file_seq.TestSeqDunder" file="zdevelop/tests/test_file_seq.py" line="82" name="test_get_file_num_raises[99]" time="0.001"></testcase><testcase classname="zdevelop.tests.test_file_seq.TestSeqDunder" file="zdevelop/tests/test_file_seq.py" line="82" name="test_get_file_num_raises[201]" time="0.001"><system-out>file.###.txt 100 200 101
</system-out></testcase><testcase classname="zdevelop.tests.test_file_seq.TestSeqDunder" file="zdevelop/tests/test_file_seq.py" line="82" name="test_get_file_num_raises[-102]" time="0.001"><system-out>file.###.txt 100 200 -102
</system-out></testcase><testcase classname="zdevelop.tests.test_file_seq.TestSeqDunder" file="zdevelop/tests/test_file_seq.py" line="82" name="test_get_file_num_raises[-300]" time="0.002"><system-out>file.###.txt 100 200 -300
</system-out></testcase><testcase classname="zdevelop.tests.test_file_seq.TestSeqDunder" file="zdevelop/tests/test_file_seq.py" line="82" name="test_get_file_num_raises[300]" time="0.001"><system-out>file.###.txt 100 200 200
</system-out></testcase><testcase classname="zdevelop.tests.test_file_seq.TestSeqDunder" file="zdevelop/tests/test_file_seq.py" line="88" name="test_filenum_get_slice[bounds0-150-175]" time="0.002"><system-out>file.###.txt 100 200 0
</system-out></testcase><testcase classname="zdevelop.tests.test_file_seq.TestSeqDunder" file="zdevelop/tests/test_file_seq.py" line="88" name="test_filenum_get_slice[bounds1-100-150]" time="0.002"><system-out>file.###.txt 100 200 0
</system-out></testcase><testcase classname="zdevelop.tests.test_file_seq.TestSeqDunder" file="zdevelop/tests/test_file_seq.py" line="88" name="test_filenum_get_slice[bounds2-143-200]" time="0.002"><system-out>file.###.txt 100 200 0
</system-out></testcase><testcase classname="zdevelop.tests.test_file_seq.TestSeqDunder" file="zdevelop/tests/test_file_seq.py" line="88" name="test_filenum_get_slice[bounds3-143-199]" time="0.002"><system-out>file.###.txt 100 200 0
</system-out></testcase><testcase classname="zdevelop.tests.test_file_seq.TestSeqDunder" file="zdevelop/tests/test_file_seq.py" line="88" name="test_filenum_get_slice[bounds4-151-200]" time="0.002"><system-out>file.###.txt 100 200 0
</system-out></testcase><testcase classname="zdevelop.tests.test_file_seq.TestSeqDunder" file="zdevelop/tests/test_file_seq.py" line="88" name="test_filenum_get_slice[bounds5-100-200]" time="0.002"><system-out>file.###.txt 100 200 0
</system-out></testcase><testcase classname="zdevelop.tests.test_file_seq.TestSeqDunder" file="zdevelop/tests/test_file_seq.py" line="106" name="test_iter" time="0.011"><system-out>file.###.txt 100 200 0
/Volumes/disk/folder/file.100.txt
file.###.txt 100 200 1
/Volumes/disk/folder/file.101.txt
file.###.txt 100 200 2
/Volumes/disk/folder/file.102.txt
file.###.txt 100 200 3
/Volumes/disk/folder/file.103.txt
file.###.txt 100 200 4
/Volumes/disk/folder/file.104.txt
file.###.txt 100 200 5
/Volumes/disk/folder/file.105.txt
file.###.txt 100 200 6
/Volumes/disk/folder/file.106.txt
file.###.txt 100 200 7
/Volumes/disk/folder/file.107.txt
file.###.txt 100 200 8
/Volumes/disk/folder/file.108.txt
file.###.txt 100 200 9
/Volumes/disk/folder/file.109.txt
file.###.txt 100 200 10
/Volumes/disk/folder/file.110.txt
file.###.txt 100 200 11
/Volumes/disk/folder/file.111.txt
file.###.txt 100 200 12
/Volumes/disk/folder/file.112.txt
file.###.txt 100 200 13
/Volumes/disk/folder/file.113.txt
file.###.txt 100 200 14
/Volumes/disk/folder/file.114.txt
file.###.txt 100 200 15
/Volumes/disk/folder/file.115.txt
file.###.txt 100 200 16
/Volumes/disk/folder/file.116.txt
file.###.txt 100 200 17
/Volumes/disk/folder/file.117.txt
file.###.txt 100 200 18
/Volumes/disk/folder/file.118.txt
file.###.txt 100 200 19
/Volumes/disk/folder/file.119.txt
file.###.txt 100 200 20
/Volumes/disk/folder/file.120.txt
file.###.txt 100 200 21
/Volumes/disk/folder/file.121.txt
file.###.txt 100 200 22
/Volumes/disk/folder/file.122.txt
file.###.txt 100 200 23
/Volumes/disk/folder/file.123.txt
file.###.txt 100 200 24
/Volumes/disk/folder/file.124.txt
file.###.txt 100 200 25
/Volumes/disk/folder/file.125.txt
file.###.txt 100 200 26
/Volumes/disk/folder/file.126.txt
file.###.txt 100 200 27
/Volumes/disk/folder/file.127.txt
file.###.txt 100 200 28
/Volumes/disk/folder/file.128.txt
file.###.txt 100 200 29
/Volumes/disk/folder/file.129.txt
file.###.txt 100 200 30
/Volumes/disk/folder/file.130.txt
file.###.txt 100 200 31
/Volumes/disk/folder/file.131.txt
file.###.txt 100 200 32
/Volumes/disk/folder/file.132.txt
file.###.txt 100 200 33
/Volumes/disk/folder/file.133.txt
file.###.txt 100 200 34
/Volumes/disk/folder/file.134.txt
file.###.txt 100 200 35
/Volumes/disk/folder/file.135.txt
file.###.txt 100 200 36
/Volumes/disk/folder/file.136.txt
file.###.txt 100 200 37
/Volumes/disk/folder/file.137.txt
file.###.txt 100 200 38
/Volumes/disk/folder/file.138.txt
file.###.txt 100 200 39
/Volumes/disk/folder/file.139.txt
file.###.txt 100 200 40
/Volumes/disk/folder/file.140.txt
file.###.txt 100 200 41
/Volumes/disk/folder/file.141.txt
file.###.txt 100 200 42
/Volumes/disk/folder/file.142.txt
file.###.txt 100 200 43
/Volumes/disk/folder/file.143.txt
file.###.txt 100 200 44
/Volumes/disk/folder/file.144.txt
file.###.txt 100 200 45
/Volumes/disk/folder/file.145.txt
file.###.txt 100 200 46
/Volumes/disk/folder/file.146.txt
file.###.txt 100 200 47
/Volumes/disk/folder/file.147.txt
file.###.txt 100 200 48
/Volumes/disk/folder/file.148.txt
file.###.txt 100 200 49
/Volumes/disk/folder/file.149.txt
file.###.txt 100 200 50
/Volumes/disk/folder/file.150.txt
file.###.txt 100 200 51
/Volumes/disk/folder/file.151.txt
file.###.txt 100 200 52
/Volumes/disk/folder/file.152.txt
file.###.txt 100 200 53
/Volumes/disk/folder/file.153.txt
file.###.txt 100 200 54
/Volumes/disk/folder/file.154.txt
file.###.txt 100 200 55
/Volumes/disk/folder/file.155.txt
file.###.txt 100 200 56
/Volumes/disk/folder/file.156.txt
file.###.txt 100 200 57
/Volumes/disk/folder/file.157.txt
file.###.txt 100 200 58
/Volumes/disk/folder/file.158.txt
file.###.txt 100 200 59
/Volumes/disk/folder/file.159.txt
file.###.txt 100 200 60
/Volumes/disk/folder/file.160.txt
file.###.txt 100 200 61
/Volumes/disk/folder/file.161.txt
file.###.txt 100 200 62
/Volumes/disk/folder/file.162.txt
file.###.txt 100 200 63
/Volumes/disk/folder/file.163.txt
file.###.txt 100 200 64
/Volumes/disk/folder/file.164.txt
file.###.txt 100 200 65
/Volumes/disk/folder/file.165.txt
file.###.txt 100 200 66
/Volumes/disk/folder/file.166.txt
file.###.txt 100 200 67
/Volumes/disk/folder/file.167.txt
file.###.txt 100 200 68
/Volumes/disk/folder/file.168.txt
file.###.txt 100 200 69
/Volumes/disk/folder/file.169.txt
file.###.txt 100 200 70
/Volumes/disk/folder/file.170.txt
file.###.txt 100 200 71
/Volumes/disk/folder/file.171.txt
file.###.txt 100 200 72
/Volumes/disk/folder/file.172.txt
file.###.txt 100 200 73
/Volumes/disk/folder/file.173.txt
file.###.txt 100 200 74
/Volumes/disk/folder/file.174.txt
file.###.txt 100 200 75
/Volumes/disk/folder/file.175.txt
file.###.txt 100 200 76
/Volumes/disk/folder/file.176.txt
file.###.txt 100 200 77
/Volumes/disk/folder/file.177.txt
file.###.txt 100 200 78
/Volumes/disk/folder/file.178.txt
file.###.txt 100 200 79
/Volumes/disk/folder/file.179.txt
file.###.txt 100 200 80
/Volumes/disk/folder/file.180.txt
file.###.txt 100 200 81
/Volumes/disk/folder/file.181.txt
file.###.txt 100 200 82
/Volumes/disk/folder/file.182.txt
file.###.txt 100 200 83
/Volumes/disk/folder/file.183.txt
file.###.txt 100 200 84
/Volumes/disk/folder/file.184.txt
file.###.txt 100 200 85
/Volumes/disk/folder/file.185.txt
file.###.txt 100 200 86
/Volumes/disk/folder/file.186.txt
file.###.txt 100 200 87
/Volumes/disk/folder/file.187.txt
file.###.txt 100 200 88
/Volumes/disk/folder/file.188.txt
file.###.txt 100 200 89
/Volumes/disk/folder/file.189.txt
file.###.txt 100 200 90
/Volumes/disk/folder/file.190.txt
file.###.txt 100 200 91
/Volumes/disk/folder/file.191.txt
file.###.txt 100 200 92
/Volumes/disk/folder/file.192.txt
file.###.txt 100 200 93
/Volumes/disk/folder/file.193.txt
file.###.txt 100 200 94
/Volumes/disk/folder/file.194.txt
file.###.txt 100 200 95
/Volumes/disk/folder/file.195.txt
file.###.txt 100 200 96
/Volumes/disk/folder/file.196.txt
file.###.txt 100 200 97
/Volumes/disk/folder/file.197.txt
file.###.txt 100 200 98
/Volumes/disk/folder/file.198.txt
file.###.txt 100 200 99
/Volumes/disk/folder/file.199.txt
file.###.txt 100 200 100
/Volumes/disk/folder/file.200.txt
</system-out></testcase><testcase classname="zdevelop.tests.test_file_seq.TestSeqDisk" file="zdevelop/tests/test_file_seq.py" line="115" name="test_copy_move_iter[False-move_iter-False]" time="0.057"><system-out>file.###.txt 100 200 0
copied/moved: /tmp/pytest-of-vsts/pytest-0/test_copy_move_iter_False_move0/dst/file.100.txt
file.###.txt 100 200 1
copied/moved: /tmp/pytest-of-vsts/pytest-0/test_copy_move_iter_False_move0/dst/file.101.txt
file.###.txt 100 200 2
copied/moved: /tmp/pytest-of-vsts/pytest-0/test_copy_move_iter_False_move0/dst/file.102.txt
file.###.txt 100 200 3
copied/moved: /tmp/pytest-of-vsts/pytest-0/test_copy_move_iter_False_move0/dst/file.103.txt
file.###.txt 100 200 4
copied/moved: /tmp/pytest-of-vsts/pytest-0/test_copy_move_iter_False_move0/dst/file.104.txt
file.###.txt 100 200 5
copied/moved: /tmp/pytest-of-vsts/pytest-0/test_copy_move_iter_False_move0/dst/file.105.txt
file.###.txt 100 200 6
copied/moved: /tmp/pytest-of-vsts/pytest-0/test_copy_move_iter_False_move0/dst/file.106.txt
file.###.txt 100 200 7
copied/moved: /tmp/pytest-of-vsts/pytest-0/test_copy_move_iter_False_move0/dst/file.107.txt
file.###.txt 100 200 8
copied/moved: /tmp/pytest-of-vsts/pytest-0/test_copy_move_iter_False_move0/dst/file.108.txt
file.###.txt 100 200 9
copied/moved: /tmp/pytest-of-vsts/pytest-0/test_copy_move_iter_False_move0/dst/file.109.txt
file.###.txt 100 200 10
copied/moved: /tmp/pytest-of-vsts/pytest-0/test_copy_move_iter_False_move0/dst/file.110.txt
file.###.txt 100 200 11
copied/moved: /tmp/pytest-of-vsts/pytest-0/test_copy_move_iter_False_move0/dst/file.111.txt
file.###.txt 100 200 12
copied/moved: /tmp/pytest-of-vsts/pytest-0/test_copy_move_iter_False_move0/dst/file.112.txt
file.###.txt 100 200 13
copied/moved: /tmp/pytest-of-vsts/pytest-0/test_copy_move_iter_False_move0/dst/file.113.txt
file.###.txt 100 200 14
copied/moved: /tmp/pytest-of-vsts/pytest-0/test_copy_move_iter_False_move0/dst/file.114.txt
file.###.txt 100 200 15
copied/moved: /tmp/pytest-of-vsts/pytest-0/test_copy_move_iter_False_move0/dst/file.115.txt
file.###.txt 100 200 16
copied/moved: /tmp/pytest-of-vsts/pytest-0/test_copy_move_iter_False_move0/dst/file.116.txt
file.###.txt 100 200 17
copied/moved: /tmp/pytest-of-vsts/pytest-0/test_copy_move_iter_False_move0/dst/file.117.txt
file.###.txt 100 200 18
copied/moved: /tmp/pytest-of-vsts/pytest-0/test_copy_move_iter_False_move0/dst/file.118.txt
file.###.txt 100 200 19
copied/moved: /tmp/pytest-of-vsts/pytest-0/test_copy_move_iter_False_move0/dst/file.119.txt
file.###.txt 100 200 20
copied/moved: /tmp/pytest-of-vsts/pytest-0/test_copy_move_iter_False_move0/dst/file.120.txt
file.###.txt 100 200 21
copied/moved: /tmp/pytest-of-vsts/pytest-0/test_copy_move_iter_False_move0/dst/file.121.txt
file.###.txt 100 200 22
copied/moved: /tmp/pytest-of-vsts/pytest-0/test_copy_move_iter_False_move0/dst/file.122.txt
file.###.txt 100 200 23
copied/moved: /tmp/pytest-of-vsts/pytest-0/test_copy_move_iter_False_move0/dst/file.123.txt
file.###.txt 100 200 24
copied/moved: /tmp/pytest-of-vsts/pytest-0/test_copy_move_iter_False_move0/dst/file.124.txt
file.###.txt 100 200 25
copied/moved: /tmp/pytest-of-vsts/pytest-0/test_copy_move_iter_False_move0/dst/file.125.txt
file.###.txt 100 200 26
copied/moved: /tmp/pytest-of-vsts/pytest-0/test_copy_move_iter_False_move0/dst/file.126.txt
file.###.txt 100 200 27
copied/moved: /tmp/pytest-of-vsts/pytest-0/test_copy_move_iter_False_move0/dst/file.127.txt
file.###.txt 100 200 28
copied/moved: /tmp/pytest-of-vsts/pytest-0/test_copy_move_iter_False_move0/dst/file.128.txt
file.###.txt 100 200 29
copied/moved: /tmp/pytest-of-vsts/pytest-0/test_copy_move_iter_False_move0/dst/file.129.txt
file.###.txt 100 200 30
copied/moved: /tmp/pytest-of-vsts/pytest-0/test_copy_move_iter_False_move0/dst/file.130.txt
file.###.txt 100 200 31
copied/moved: /tmp/pytest-of-vsts/pytest-0/test_copy_move_iter_False_move0/dst/file.131.txt
file.###.txt 100 200 32
copied/moved: /tmp/pytest-of-vsts/pytest-0/test_copy_move_iter_False_move0/dst/file.132.txt
file.###.txt 100 200 33
copied/moved: /tmp/pytest-of-vsts/pytest-0/test_copy_move_iter_False_move0/dst/file.133.txt
file.###.txt 100 200 34
copied/moved: /tmp/pytest-of-vsts/pytest-0/test_copy_move_iter_False_move0/dst/file.134.txt
file.###.txt 100 200 35
copied/moved: /tmp/pytest-of-vsts/pytest-0/test_copy_move_iter_False_move0/dst/file.135.txt
file.###.txt 100 200 36
copied/moved: /tmp/pytest-of-vsts/pytest-0/test_copy_move_iter_False_move0/dst/file.136.txt
file.###.txt 100 200 37
copied/moved: /tmp/pytest-of-vsts/pytest-0/test_copy_move_iter_False_move0/dst/file.137.txt
file.###.txt 100 200 38
copied/moved: /tmp/pytest-of-vsts/pytest-0/test_copy_move_iter_False_move0/dst/file.138.txt
file.###.txt 100 200 39
copied/moved: /tmp/pytest-of-vsts/pytest-0/test_copy_move_iter_False_move0/dst/file.139.txt
file.###.txt 100 200 40
copied/moved: /tmp/pytest-of-vsts/pytest-0/test_copy_move_iter_False_move0/dst/file.140.txt
file.###.txt 100 200 41
copied/moved: /tmp/pytest-of-vsts/pytest-0/test_copy_move_iter_False_move0/dst/file.141.txt
file.###.txt 100 200 42
copied/moved: /tmp/pytest-of-vsts/pytest-0/test_copy_move_iter_False_move0/dst/file.142.txt
file.###.txt 100 200 43
copied/moved: /tmp/pytest-of-vsts/pytest-0/test_copy_move_iter_False_move0/dst/file.143.txt
file.###.txt 100 200 44
copied/moved: /tmp/pytest-of-vsts/pytest-0/test_copy_move_iter_False_move0/dst/file.144.txt
file.###.txt 100 200 45
copied/moved: /tmp/pytest-of-vsts/pytest-0/test_copy_move_iter_False_move0/dst/file.145.txt
file.###.txt 100 200 46
copied/moved: /tmp/pytest-of-vsts/pytest-0/test_copy_move_iter_False_move0/dst/file.146.txt
file.###.txt 100 200 47
copied/moved: /tmp/pytest-of-vsts/pytest-0/test_copy_move_iter_False_move0/dst/file.147.txt
file.###.txt 100 200 48
copied/moved: /tmp/pytest-of-vsts/pytest-0/test_copy_move_iter_False_move0/dst/file.148.txt
file.###.txt 100 200 49
copied/moved: /tmp/pytest-of-vsts/pytest-0/test_copy_move_iter_False_move0/dst/file.149.txt
file.###.txt 100 200 50
copied/moved: /tmp/pytest-of-vsts/pytest-0/test_copy_move_iter_False_move0/dst/file.150.txt
file.###.txt 100 200 51
copied/moved: /tmp/pytest-of-vsts/pytest-0/test_copy_move_iter_False_move0/dst/file.151.txt
file.###.txt 100 200 52
copied/moved: /tmp/pytest-of-vsts/pytest-0/test_copy_move_iter_False_move0/dst/file.152.txt
file.###.txt 100 200 53
copied/moved: /tmp/pytest-of-vsts/pytest-0/test_copy_move_iter_False_move0/dst/file.153.txt
file.###.txt 100 200 54
copied/moved: /tmp/pytest-of-vsts/pytest-0/test_copy_move_iter_False_move0/dst/file.154.txt
file.###.txt 100 200 55
copied/moved: /tmp/pytest-of-vsts/pytest-0/test_copy_move_iter_False_move0/dst/file.155.txt
file.###.txt 100 200 56
copied/moved: /tmp/pytest-of-vsts/pytest-0/test_copy_move_iter_False_move0/dst/file.156.txt
file.###.txt 100 200 57
copied/moved: /tmp/pytest-of-vsts/pytest-0/test_copy_move_iter_False_move0/dst/file.157.txt
file.###.txt 100 200 58
copied/moved: /tmp/pytest-of-vsts/pytest-0/test_copy_move_iter_False_move0/dst/file.158.txt
file.###.txt 100 200 59
copied/moved: /tmp/pytest-of-vsts/pytest-0/test_copy_move_iter_False_move0/dst/file.159.txt
file.###.txt 100 200 60
copied/moved: /tmp/pytest-of-vsts/pytest-0/test_copy_move_iter_False_move0/dst/file.160.txt
file.###.txt 100 200 61
copied/moved: /tmp/pytest-of-vsts/pytest-0/test_copy_move_iter_False_move0/dst/file.161.txt
file.###.txt 100 200 62
copied/moved: /tmp/pytest-of-vsts/pytest-0/test_copy_move_iter_False_move0/dst/file.162.txt
file.###.txt 100 200 63
copied/moved: /tmp/pytest-of-vsts/pytest-0/test_copy_move_iter_False_move0/dst/file.163.txt
file.###.txt 100 200 64
copied/moved: /tmp/pytest-of-vsts/pytest-0/test_copy_move_iter_False_move0/dst/file.164.txt
file.###.txt 100 200 65
copied/moved: /tmp/pytest-of-vsts/pytest-0/test_copy_move_iter_False_move0/dst/file.165.txt
file.###.txt 100 200 66
copied/moved: /tmp/pytest-of-vsts/pytest-0/test_copy_move_iter_False_move0/dst/file.166.txt
file.###.txt 100 200 67
copied/moved: /tmp/pytest-of-vsts/pytest-0/test_copy_move_iter_False_move0/dst/file.167.txt
file.###.txt 100 200 68
copied/moved: /tmp/pytest-of-vsts/pytest-0/test_copy_move_iter_False_move0/dst/file.168.txt
file.###.txt 100 200 69
copied/moved: /tmp/pytest-of-vsts/pytest-0/test_copy_move_iter_False_move0/dst/file.169.txt
file.###.txt 100 200 70
copied/moved: /tmp/pytest-of-vsts/pytest-0/test_copy_move_iter_False_move0/dst/file.170.txt
file.###.txt 100 200 71
copied/moved: /tmp/pytest-of-vsts/pytest-0/test_copy_move_iter_False_move0/dst/file.171.txt
file.###.txt 100 200 72
copied/moved: /tmp/pytest-of-vsts/pytest-0/test_copy_move_iter_False_move0/dst/file.172.txt
file.###.txt 100 200 73
copied/moved: /tmp/pytest-of-vsts/pytest-0/test_copy_move_iter_False_move0/dst/file.173.txt
file.###.txt 100 200 74
copied/moved: /tmp/pytest-of-vsts/pytest-0/test_copy_move_iter_False_move0/dst/file.174.txt
file.###.txt 100 200 75
copied/moved: /tmp/pytest-of-vsts/pytest-0/test_copy_move_iter_False_move0/dst/file.175.txt
file.###.txt 100 200 76
copied/moved: /tmp/pytest-of-vsts/pytest-0/test_copy_move_iter_False_move0/dst/file.176.txt
file.###.txt 100 200 77
copied/moved: /tmp/pytest-of-vsts/pytest-0/test_copy_move_iter_False_move0/dst/file.177.txt
file.###.txt 100 200 78
copied/moved: /tmp/pytest-of-vsts/pytest-0/test_copy_move_iter_False_move0/dst/file.178.txt
file.###.txt 100 200 79
copied/moved: /tmp/pytest-of-vsts/pytest-0/test_copy_move_iter_False_move0/dst/file.179.txt
file.###.txt 100 200 80
copied/moved: /tmp/pytest-of-vsts/pytest-0/test_copy_move_iter_False_move0/dst/file.180.txt
file.###.txt 100 200 81
copied/moved: /tmp/pytest-of-vsts/pytest-0/test_copy_move_iter_False_move0/dst/file.181.txt
file.###.txt 100 200 82
copied/moved: /tmp/pytest-of-vsts/pytest-0/test_copy_move_iter_False_move0/dst/file.182.txt
file.###.txt 100 200 83
[...]
33188 /tmp/pytest-of-vsts/pytest-0/test_chmod_False_1/src/file.155.txt
file.###.txt 100 200 56
33188 /tmp/pytest-of-vsts/pytest-0/test_chmod_False_1/src/file.156.txt
file.###.txt 100 200 57
33188 /tmp/pytest-of-vsts/pytest-0/test_chmod_False_1/src/file.157.txt
file.###.txt 100 200 58
33188 /tmp/pytest-of-vsts/pytest-0/test_chmod_False_1/src/file.158.txt
file.###.txt 100 200 59
33188 /tmp/pytest-of-vsts/pytest-0/test_chmod_False_1/src/file.159.txt
file.###.txt 100 200 60
33188 /tmp/pytest-of-vsts/pytest-0/test_chmod_False_1/src/file.160.txt
file.###.txt 100 200 61
33188 /tmp/pytest-of-vsts/pytest-0/test_chmod_False_1/src/file.161.txt
file.###.txt 100 200 62
33188 /tmp/pytest-of-vsts/pytest-0/test_chmod_False_1/src/file.162.txt
file.###.txt 100 200 63
33188 /tmp/pytest-of-vsts/pytest-0/test_chmod_False_1/src/file.163.txt
file.###.txt 100 200 64
33188 /tmp/pytest-of-vsts/pytest-0/test_chmod_False_1/src/file.164.txt
file.###.txt 100 200 65
33188 /tmp/pytest-of-vsts/pytest-0/test_chmod_False_1/src/file.165.txt
file.###.txt 100 200 66
33188 /tmp/pytest-of-vsts/pytest-0/test_chmod_False_1/src/file.166.txt
file.###.txt 100 200 67
33188 /tmp/pytest-of-vsts/pytest-0/test_chmod_False_1/src/file.167.txt
file.###.txt 100 200 68
33188 /tmp/pytest-of-vsts/pytest-0/test_chmod_False_1/src/file.168.txt
file.###.txt 100 200 69
33188 /tmp/pytest-of-vsts/pytest-0/test_chmod_False_1/src/file.169.txt
file.###.txt 100 200 70
33188 /tmp/pytest-of-vsts/pytest-0/test_chmod_False_1/src/file.170.txt
file.###.txt 100 200 71
33188 /tmp/pytest-of-vsts/pytest-0/test_chmod_False_1/src/file.171.txt
file.###.txt 100 200 72
33188 /tmp/pytest-of-vsts/pytest-0/test_chmod_False_1/src/file.172.txt
file.###.txt 100 200 73
33188 /tmp/pytest-of-vsts/pytest-0/test_chmod_False_1/src/file.173.txt
file.###.txt 100 200 74
33188 /tmp/pytest-of-vsts/pytest-0/test_chmod_False_1/src/file.174.txt
file.###.txt 100 200 75
33188 /tmp/pytest-of-vsts/pytest-0/test_chmod_False_1/src/file.175.txt
file.###.txt 100 200 76
33188 /tmp/pytest-of-vsts/pytest-0/test_chmod_False_1/src/file.176.txt
file.###.txt 100 200 77
33188 /tmp/pytest-of-vsts/pytest-0/test_chmod_False_1/src/file.177.txt
file.###.txt 100 200 78
33188 /tmp/pytest-of-vsts/pytest-0/test_chmod_False_1/src/file.178.txt
file.###.txt 100 200 79
33188 /tmp/pytest-of-vsts/pytest-0/test_chmod_False_1/src/file.179.txt
file.###.txt 100 200 80
33188 /tmp/pytest-of-vsts/pytest-0/test_chmod_False_1/src/file.180.txt
file.###.txt 100 200 81
33188 /tmp/pytest-of-vsts/pytest-0/test_chmod_False_1/src/file.181.txt
file.###.txt 100 200 82
33188 /tmp/pytest-of-vsts/pytest-0/test_chmod_False_1/src/file.182.txt
file.###.txt 100 200 83
33188 /tmp/pytest-of-vsts/pytest-0/test_chmod_False_1/src/file.183.txt
file.###.txt 100 200 84
33188 /tmp/pytest-of-vsts/pytest-0/test_chmod_False_1/src/file.184.txt
file.###.txt 100 200 85
33188 /tmp/pytest-of-vsts/pytest-0/test_chmod_False_1/src/file.185.txt
file.###.txt 100 200 86
33188 /tmp/pytest-of-vsts/pytest-0/test_chmod_False_1/src/file.186.txt
file.###.txt 100 200 87
33188 /tmp/pytest-of-vsts/pytest-0/test_chmod_False_1/src/file.187.txt
file.###.txt 100 200 88
33188 /tmp/pytest-of-vsts/pytest-0/test_chmod_False_1/src/file.188.txt
file.###.txt 100 200 89
33188 /tmp/pytest-of-vsts/pytest-0/test_chmod_False_1/src/file.189.txt
file.###.txt 100 200 90
33188 /tmp/pytest-of-vsts/pytest-0/test_chmod_False_1/src/file.190.txt
file.###.txt 100 200 91
33188 /tmp/pytest-of-vsts/pytest-0/test_chmod_False_1/src/file.191.txt
file.###.txt 100 200 92
33188 /tmp/pytest-of-vsts/pytest-0/test_chmod_False_1/src/file.192.txt
file.###.txt 100 200 93
33188 /tmp/pytest-of-vsts/pytest-0/test_chmod_False_1/src/file.193.txt
file.###.txt 100 200 94
33188 /tmp/pytest-of-vsts/pytest-0/test_chmod_False_1/src/file.194.txt
file.###.txt 100 200 95
33188 /tmp/pytest-of-vsts/pytest-0/test_chmod_False_1/src/file.195.txt
file.###.txt 100 200 96
33188 /tmp/pytest-of-vsts/pytest-0/test_chmod_False_1/src/file.196.txt
file.###.txt 100 200 97
33188 /tmp/pytest-of-vsts/pytest-0/test_chmod_False_1/src/file.197.txt
file.###.txt 100 200 98
33188 /tmp/pytest-of-vsts/pytest-0/test_chmod_False_1/src/file.198.txt
file.###.txt 100 200 99
33188 /tmp/pytest-of-vsts/pytest-0/test_chmod_False_1/src/file.199.txt
file.###.txt 100 200 100
33188 /tmp/pytest-of-vsts/pytest-0/test_chmod_False_1/src/file.200.txt
--------
file.###.txt 100 200 0
file.###.txt 100 200 1
file.###.txt 100 200 2
file.###.txt 100 200 3
file.###.txt 100 200 4
file.###.txt 100 200 5
file.###.txt 100 200 6
file.###.txt 100 200 7
file.###.txt 100 200 8
file.###.txt 100 200 9
file.###.txt 100 200 10
file.###.txt 100 200 11
file.###.txt 100 200 12
file.###.txt 100 200 13
file.###.txt 100 200 14
file.###.txt 100 200 15
file.###.txt 100 200 16
file.###.txt 100 200 17
file.###.txt 100 200 18
file.###.txt 100 200 19
file.###.txt 100 200 20
file.###.txt 100 200 21
file.###.txt 100 200 22
file.###.txt 100 200 23
file.###.txt 100 200 24
file.###.txt 100 200 25
file.###.txt 100 200 26
file.###.txt 100 200 27
file.###.txt 100 200 28
file.###.txt 100 200 29
file.###.txt 100 200 30
file.###.txt 100 200 31
file.###.txt 100 200 32
file.###.txt 100 200 33
file.###.txt 100 200 34
file.###.txt 100 200 35
file.###.txt 100 200 36
file.###.txt 100 200 37
file.###.txt 100 200 38
file.###.txt 100 200 39
file.###.txt 100 200 40
file.###.txt 100 200 41
file.###.txt 100 200 42
file.###.txt 100 200 43
file.###.txt 100 200 44
file.###.txt 100 200 45
file.###.txt 100 200 46
file.###.txt 100 200 47
file.###.txt 100 200 48
file.###.txt 100 200 49
file.###.txt 100 200 50
file.###.txt 100 200 51
file.###.txt 100 200 52
file.###.txt 100 200 53
file.###.txt 100 200 54
file.###.txt 100 200 55
file.###.txt 100 200 56
file.###.txt 100 200 57
file.###.txt 100 200 58
file.###.txt 100 200 59
file.###.txt 100 200 60
file.###.txt 100 200 61
file.###.txt 100 200 62
file.###.txt 100 200 63
file.###.txt 100 200 64
file.###.txt 100 200 65
file.###.txt 100 200 66
file.###.txt 100 200 67
file.###.txt 100 200 68
file.###.txt 100 200 69
file.###.txt 100 200 70
file.###.txt 100 200 71
file.###.txt 100 200 72
file.###.txt 100 200 73
file.###.txt 100 200 74
file.###.txt 100 200 75
file.###.txt 100 200 76
file.###.txt 100 200 77
file.###.txt 100 200 78
file.###.txt 100 200 79
file.###.txt 100 200 80
file.###.txt 100 200 81
file.###.txt 100 200 82
file.###.txt 100 200 83
file.###.txt 100 200 84
file.###.txt 100 200 85
file.###.txt 100 200 86
file.###.txt 100 200 87
file.###.txt 100 200 88
file.###.txt 100 200 89
file.###.txt 100 200 90
file.###.txt 100 200 91
file.###.txt 100 200 92
file.###.txt 100 200 93
file.###.txt 100 200 94
file.###.txt 100 200 95
file.###.txt 100 200 96
file.###.txt 100 200 97
file.###.txt 100 200 98
file.###.txt 100 200 99
file.###.txt 100 200 100
--------
Changed mode list:
file.###.txt 100 200 0
511 /tmp/pytest-of-vsts/pytest-0/test_chmod_False_1/src/file.100.txt
file.###.txt 100 200 1
511 /tmp/pytest-of-vsts/pytest-0/test_chmod_False_1/src/file.101.txt
file.###.txt 100 200 2
511 /tmp/pytest-of-vsts/pytest-0/test_chmod_False_1/src/file.102.txt
file.###.txt 100 200 3
511 /tmp/pytest-of-vsts/pytest-0/test_chmod_False_1/src/file.103.txt
file.###.txt 100 200 4
511 /tmp/pytest-of-vsts/pytest-0/test_chmod_False_1/src/file.104.txt
file.###.txt 100 200 5
511 /tmp/pytest-of-vsts/pytest-0/test_chmod_False_1/src/file.105.txt
file.###.txt 100 200 6
511 /tmp/pytest-of-vsts/pytest-0/test_chmod_False_1/src/file.106.txt
file.###.txt 100 200 7
511 /tmp/pytest-of-vsts/pytest-0/test_chmod_False_1/src/file.107.txt
file.###.txt 100 200 8
511 /tmp/pytest-of-vsts/pytest-0/test_chmod_False_1/src/file.108.txt
file.###.txt 100 200 9
511 /tmp/pytest-of-vsts/pytest-0/test_chmod_False_1/src/file.109.txt
file.###.txt 100 200 10
511 /tmp/pytest-of-vsts/pytest-0/test_chmod_False_1/src/file.110.txt
file.###.txt 100 200 11
511 /tmp/pytest-of-vsts/pytest-0/test_chmod_False_1/src/file.111.txt
file.###.txt 100 200 12
511 /tmp/pytest-of-vsts/pytest-0/test_chmod_False_1/src/file.112.txt
file.###.txt 100 200 13
511 /tmp/pytest-of-vsts/pytest-0/test_chmod_False_1/src/file.113.txt
file.###.txt 100 200 14
511 /tmp/pytest-of-vsts/pytest-0/test_chmod_False_1/src/file.114.txt
file.###.txt 100 200 15
511 /tmp/pytest-of-vsts/pytest-0/test_chmod_False_1/src/file.115.txt
file.###.txt 100 200 16
511 /tmp/pytest-of-vsts/pytest-0/test_chmod_False_1/src/file.116.txt
file.###.txt 100 200 17
511 /tmp/pytest-of-vsts/pytest-0/test_chmod_False_1/src/file.117.txt
file.###.txt 100 200 18
511 /tmp/pytest-of-vsts/pytest-0/test_chmod_False_1/src/file.118.txt
file.###.txt 100 200 19
511 /tmp/pytest-of-vsts/pytest-0/test_chmod_False_1/src/file.119.txt
file.###.txt 100 200 20
511 /tmp/pytest-of-vsts/pytest-0/test_chmod_False_1/src/file.120.txt
file.###.txt 100 200 21
511 /tmp/pytest-of-vsts/pytest-0/test_chmod_False_1/src/file.121.txt
file.###.txt 100 200 22
511 /tmp/pytest-of-vsts/pytest-0/test_chmod_False_1/src/file.122.txt
file.###.txt 100 200 23
511 /tmp/pytest-of-vsts/pytest-0/test_chmod_False_1/src/file.123.txt
file.###.txt 100 200 24
511 /tmp/pytest-of-vsts/pytest-0/test_chmod_False_1/src/file.124.txt
file.###.txt 100 200 25
511 /tmp/pytest-of-vsts/pytest-0/test_chmod_False_1/src/file.125.txt
file.###.txt 100 200 26
511 /tmp/pytest-of-vsts/pytest-0/test_chmod_False_1/src/file.126.txt
file.###.txt 100 200 27
511 /tmp/pytest-of-vsts/pytest-0/test_chmod_False_1/src/file.127.txt
file.###.txt 100 200 28
511 /tmp/pytest-of-vsts/pytest-0/test_chmod_False_1/src/file.128.txt
file.###.txt 100 200 29
511 /tmp/pytest-of-vsts/pytest-0/test_chmod_False_1/src/file.129.txt
file.###.txt 100 200 30
511 /tmp/pytest-of-vsts/pytest-0/test_chmod_False_1/src/file.130.txt
file.###.txt 100 200 31
511 /tmp/pytest-of-vsts/pytest-0/test_chmod_False_1/src/file.131.txt
file.###.txt 100 200 32
511 /tmp/pytest-of-vsts/pytest-0/test_chmod_False_1/src/file.132.txt
file.###.txt 100 200 33
511 /tmp/pytest-of-vsts/pytest-0/test_chmod_False_1/src/file.133.txt
file.###.txt 100 200 34
511 /tmp/pytest-of-vsts/pytest-0/test_chmod_False_1/src/file.134.txt
file.###.txt 100 200 35
511 /tmp/pytest-of-vsts/pytest-0/test_chmod_False_1/src/file.135.txt
file.###.txt 100 200 36
511 /tmp/pytest-of-vsts/pytest-0/test_chmod_False_1/src/file.136.txt
file.###.txt 100 200 37
511 /tmp/pytest-of-vsts/pytest-0/test_chmod_False_1/src/file.137.txt
file.###.txt 100 200 38
511 /tmp/pytest-of-vsts/pytest-0/test_chmod_False_1/src/file.138.txt
file.###.txt 100 200 39
511 /tmp/pytest-of-vsts/pytest-0/test_chmod_False_1/src/file.139.txt
file.###.txt 100 200 40
511 /tmp/pytest-of-vsts/pytest-0/test_chmod_False_1/src/file.140.txt
file.###.txt 100 200 41
511 /tmp/pytest-of-vsts/pytest-0/test_chmod_False_1/src/file.141.txt
file.###.txt 100 200 42
511 /tmp/pytest-of-vsts/pytest-0/test_chmod_False_1/src/file.142.txt
file.###.txt 100 200 43
511 /tmp/pytest-of-vsts/pytest-0/test_chmod_False_1/src/file.143.txt
file.###.txt 100 200 44
511 /tmp/pytest-of-vsts/pytest-0/test_chmod_False_1/src/file.144.txt
file.###.txt 100 200 45
511 /tmp/pytest-of-vsts/pytest-0/test_chmod_False_1/src/file.145.txt
file.###.txt 100 200 46
511 /tmp/pytest-of-vsts/pytest-0/test_chmod_False_1/src/file.146.txt
file.###.txt 100 200 47
511 /tmp/pytest-of-vsts/pytest-0/test_chmod_False_1/src/file.147.txt
file.###.txt 100 200 48
511 /tmp/pytest-of-vsts/pytest-0/test_chmod_False_1/src/file.148.txt
file.###.txt 100 200 49
511 /tmp/pytest-of-vsts/pytest-0/test_chmod_False_1/src/file.149.txt
file.###.txt 100 200 50
511 /tmp/pytest-of-vsts/pytest-0/test_chmod_False_1/src/file.150.txt
file.###.txt 100 200 51
511 /tmp/pytest-of-vsts/pytest-0/test_chmod_False_1/src/file.151.txt
file.###.txt 100 200 52
511 /tmp/pytest-of-vsts/pytest-0/test_chmod_False_1/src/file.152.txt
file.###.txt 100 200 53
511 /tmp/pytest-of-vsts/pytest-0/test_chmod_False_1/src/file.153.txt
file.###.txt 100 200 54
511 /tmp/pytest-of-vsts/pytest-0/test_chmod_False_1/src/file.154.txt
file.###.txt 100 200 55
511 /tmp/pytest-of-vsts/pytest-0/test_chmod_False_1/src/file.155.txt
file.###.txt 100 200 56
511 /tmp/pytest-of-vsts/pytest-0/test_chmod_False_1/src/file.156.txt
file.###.txt 100 200 57
511 /tmp/pytest-of-vsts/pytest-0/test_chmod_False_1/src/file.157.txt
file.###.txt 100 200 58
511 /tmp/pytest-of-vsts/pytest-0/test_chmod_False_1/src/file.158.txt
file.###.txt 100 200 59
511 /tmp/pytest-of-vsts/pytest-0/test_chmod_False_1/src/file.159.txt
file.###.txt 100 200 60
511 /tmp/pytest-of-vsts/pytest-0/test_chmod_False_1/src/file.160.txt
file.###.txt 100 200 61
511 /tmp/pytest-of-vsts/pytest-0/test_chmod_False_1/src/file.161.txt
file.###.txt 100 200 62
511 /tmp/pytest-of-vsts/pytest-0/test_chmod_False_1/src/file.162.txt
file.###.txt 100 200 63
511 /tmp/pytest-of-vsts/pytest-0/test_chmod_False_1/src/file.163.txt
file.###.txt 100 200 64
511 /tmp/pytest-of-vsts/pytest-0/test_chmod_False_1/src/file.164.txt
file.###.txt 100 200 65
511 /tmp/pytest-of-vsts/pytest-0/test_chmod_False_1/src/file.165.txt
file.###.txt 100 200 66
511 /tmp/pytest-of-vsts/pytest-0/test_chmod_False_1/src/file.166.txt
file.###.txt 100 200 67
511 /tmp/pytest-of-vsts/pytest-0/test_chmod_False_1/src/file.167.txt
file.###.txt 100 200 68
511 /tmp/pytest-of-vsts/pytest-0/test_chmod_False_1/src/file.168.txt
file.###.txt 100 200 69
511 /tmp/pytest-of-vsts/pytest-0/test_chmod_False_1/src/file.169.txt
file.###.txt 100 200 70
511 /tmp/pytest-of-vsts/pytest-0/test_chmod_False_1/src/file.170.txt
file.###.txt 100 200 71
511 /tmp/pytest-of-vsts/pytest-0/test_chmod_False_1/src/file.171.txt
file.###.txt 100 200 72
511 /tmp/pytest-of-vsts/pytest-0/test_chmod_False_1/src/file.172.txt
file.###.txt 100 200 73
511 /tmp/pytest-of-vsts/pytest-0/test_chmod_False_1/src/file.173.txt
file.###.txt 100 200 74
511 /tmp/pytest-of-vsts/pytest-0/test_chmod_False_1/src/file.174.txt
file.###.txt 100 200 75
511 /tmp/pytest-of-vsts/pytest-0/test_chmod_False_1/src/file.175.txt
file.###.txt 100 200 76
511 /tmp/pytest-of-vsts/pytest-0/test_chmod_False_1/src/file.176.txt
file.###.txt 100 200 77
511 /tmp/pytest-of-vsts/pytest-0/test_chmod_False_1/src/file.177.txt
file.###.txt 100 200 78
511 /tmp/pytest-of-vsts/pytest-0/test_chmod_False_1/src/file.178.txt
file.###.txt 100 200 79
511 /tmp/pytest-of-vsts/pytest-0/test_chmod_False_1/src/file.179.txt
file.###.txt 100 200 80
511 /tmp/pytest-of-vsts/pytest-0/test_chmod_False_1/src/file.180.txt
file.###.txt 100 200 81
511 /tmp/pytest-of-vsts/pytest-0/test_chmod_False_1/src/file.181.txt
file.###.txt 100 200 82
511 /tmp/pytest-of-vsts/pytest-0/test_chmod_False_1/src/file.182.txt
file.###.txt 100 200 83
511 /tmp/pytest-of-vsts/pytest-0/test_chmod_False_1/src/file.183.txt
file.###.txt 100 200 84
511 /tmp/pytest-of-vsts/pytest-0/test_chmod_False_1/src/file.184.txt
file.###.txt 100 200 85
511 /tmp/pytest-of-vsts/pytest-0/test_chmod_False_1/src/file.185.txt
file.###.txt 100 200 86
511 /tmp/pytest-of-vsts/pytest-0/test_chmod_False_1/src/file.186.txt
file.###.txt 100 200 87
511 /tmp/pytest-of-vsts/pytest-0/test_chmod_False_1/src/file.187.txt
file.###.txt 100 200 88
511 /tmp/pytest-of-vsts/pytest-0/test_chmod_False_1/src/file.188.txt
file.###.txt 100 200 89
511 /tmp/pytest-of-vsts/pytest-0/test_chmod_False_1/src/file.189.txt
file.###.txt 100 200 90
511 /tmp/pytest-of-vsts/pytest-0/test_chmod_False_1/src/file.190.txt
file.###.txt 100 200 91
511 /tmp/pytest-of-vsts/pytest-0/test_chmod_False_1/src/file.191.txt
file.###.txt 100 200 92
511 /tmp/pytest-of-vsts/pytest-0/test_chmod_False_1/src/file.192.txt
file.###.txt 100 200 93
511 /tmp/pytest-of-vsts/pytest-0/test_chmod_False_1/src/file.193.txt
file.###.txt 100 200 94
511 /tmp/pytest-of-vsts/pytest-0/test_chmod_False_1/src/file.194.txt
file.###.txt 100 200 95
511 /tmp/pytest-of-vsts/pytest-0/test_chmod_False_1/src/file.195.txt
file.###.txt 100 200 96
511 /tmp/pytest-of-vsts/pytest-0/test_chmod_False_1/src/file.196.txt
file.###.txt 100 200 97
511 /tmp/pytest-of-vsts/pytest-0/test_chmod_False_1/src/file.197.txt
file.###.txt 100 200 98
511 /tmp/pytest-of-vsts/pytest-0/test_chmod_False_1/src/file.198.txt
file.###.txt 100 200 99
511 /tmp/pytest-of-vsts/pytest-0/test_chmod_False_1/src/file.199.txt
file.###.txt 100 200 100
511 /tmp/pytest-of-vsts/pytest-0/test_chmod_False_1/src/file.200.txt
file.###.txt 100 200 0
file.###.txt 100 200 1
file.###.txt 100 200 2
file.###.txt 100 200 3
file.###.txt 100 200 4
file.###.txt 100 200 5
file.###.txt 100 200 6
file.###.txt 100 200 7
file.###.txt 100 200 8
file.###.txt 100 200 9
file.###.txt 100 200 10
file.###.txt 100 200 11
file.###.txt 100 200 12
file.###.txt 100 200 13
file.###.txt 100 200 14
file.###.txt 100 200 15
file.###.txt 100 200 16
file.###.txt 100 200 17
file.###.txt 100 200 18
file.###.txt 100 200 19
file.###.txt 100 200 20
file.###.txt 100 200 21
file.###.txt 100 200 22
file.###.txt 100 200 23
file.###.txt 100 200 24
file.###.txt 100 200 25
file.###.txt 100 200 26
file.###.txt 100 200 27
file.###.txt 100 200 28
file.###.txt 100 200 29
file.###.txt 100 200 30
file.###.txt 100 200 31
file.###.txt 100 200 32
file.###.txt 100 200 33
file.###.txt 100 200 34
file.###.txt 100 200 35
file.###.txt 100 200 36
file.###.txt 100 200 37
file.###.txt 100 200 38
file.###.txt 100 200 39
file.###.txt 100 200 40
file.###.txt 100 200 41
file.###.txt 100 200 42
file.###.txt 100 200 43
file.###.txt 100 200 44
file.###.txt 100 200 45
file.###.txt 100 200 46
file.###.txt 100 200 47
file.###.txt 100 200 48
file.###.txt 100 200 49
file.###.txt 100 200 50
file.###.txt 100 200 51
file.###.txt 100 200 52
file.###.txt 100 200 53
file.###.txt 100 200 54
file.###.txt 100 200 55
file.###.txt 100 200 56
file.###.txt 100 200 57
file.###.txt 100 200 58
file.###.txt 100 200 59
file.###.txt 100 200 60
file.###.txt 100 200 61
file.###.txt 100 200 62
file.###.txt 100 200 63
file.###.txt 100 200 64
file.###.txt 100 200 65
file.###.txt 100 200 66
file.###.txt 100 200 67
file.###.txt 100 200 68
file.###.txt 100 200 69
file.###.txt 100 200 70
file.###.txt 100 200 71
file.###.txt 100 200 72
file.###.txt 100 200 73
file.###.txt 100 200 74
file.###.txt 100 200 75
file.###.txt 100 200 76
file.###.txt 100 200 77
file.###.txt 100 200 78
file.###.txt 100 200 79
file.###.txt 100 200 80
file.###.txt 100 200 81
file.###.txt 100 200 82
file.###.txt 100 200 83
file.###.txt 100 200 84
file.###.txt 100 200 85
file.###.txt 100 200 86
file.###.txt 100 200 87
file.###.txt 100 200 88
file.###.txt 100 200 89
file.###.txt 100 200 90
file.###.txt 100 200 91
file.###.txt 100 200 92
file.###.txt 100 200 93
file.###.txt 100 200 94
file.###.txt 100 200 95
file.###.txt 100 200 96
file.###.txt 100 200 97
file.###.txt 100 200 98
file.###.txt 100 200 99
file.###.txt 100 200 100
</system-out></testcase><testcase classname="zdevelop.tests.test_helpers" file="zdevelop/tests/test_helpers.py" line="17" name="test_init_path[/dir/file.mov-str-answer0-False]" time="0.002"></testcase><testcase classname="zdevelop.tests.test_helpers" file="zdevelop/tests/test_helpers.py" line="17" name="test_init_path[/Volumes/media/folder/file.mov-PosixPath-None-True]" time="0.001"></testcase><testcase classname="zdevelop.tests.test_helpers" file="zdevelop/tests/test_helpers.py" line="38" name="test_init_path_pure[/dir/file.mov-answer0]" time="0.001"></testcase><testcase classname="zdevelop.tests.test_helpers" file="zdevelop/tests/test_helpers.py" line="38" name="test_init_path_pure[path1-None]" time="0.001"></testcase><testcase classname="zdevelop.tests.test_helpers" file="zdevelop/tests/test_helpers.py" line="38" name="test_init_path_pure[path2-None]" time="0.001"></testcase><testcase classname="zdevelop.tests.test_helpers" file="zdevelop/tests/test_helpers.py" line="38" name="test_init_path_pure[path3-None]" time="0.001"></testcase><testcase classname="zdevelop.tests.test_helpers" file="zdevelop/tests/test_helpers.py" line="38" name="test_init_path_pure[path4-None]" time="0.001"></testcase><testcase classname="zdevelop.tests.test_helpers" file="zdevelop/tests/test_helpers.py" line="38" name="test_init_path_pure[path5-None]" time="0.002"></testcase></testsuite></testsuites>